#
# There is insufficient memory for the Java Runtime Environment to continue.
# Native memory allocation (mmap) failed to map 32768 bytes for committing reserved memory.
# Possible reasons:
#   The system is out of physical RAM or swap space
#   In 32 bit mode, the process size limit was hit
# Possible solutions:
#   Reduce memory load on the system
#   Increase physical memory or swap space
#   Check if swap backing store is full
#   Use 64 bit Java on a 64 bit OS
#   Decrease Java heap size (-Xmx/-Xms)
#   Decrease number of Java threads
#   Decrease Java thread stack sizes (-Xss)
#   Set larger code cache with -XX:ReservedCodeCacheSize=
# This output file may be truncated or incomplete.
#
#  Out of Memory Error (os_linux.cpp:2627), pid=12167, tid=0x6357eb40
#
# JRE version: Java(TM) SE Runtime Environment (8.0_101-b13) (build 1.8.0_101-b13)
# Java VM: Java HotSpot(TM) Server VM (25.101-b13 mixed mode linux-x86 )
# Failed to write core dump. Core dumps have been disabled. To enable core dumping, try "ulimit -c unlimited" before starting Java again
#

---------------  T H R E A D  ---------------

Current thread (0x63ba6400):  JavaThread "C2 CompilerThread1" daemon [_thread_in_vm, id=12181, stack(0x634fe000,0x6357f000)]

Stack: [0x634fe000,0x6357f000],  sp=0x6357c420,  free space=505k
Native frames: (J=compiled Java code, j=interpreted, Vv=VM code, C=native code)
V  [libjvm.so+0x8d431f]  VMError::report_and_die()+0x16f
V  [libjvm.so+0x38ddb5]  report_vm_out_of_memory(char const*, int, unsigned int, VMErrorType, char const*)+0x55
V  [libjvm.so+0x756326]  os::Linux::commit_memory_impl(char*, unsigned int, bool)+0xe6
V  [libjvm.so+0x7567f8]  os::pd_commit_memory(char*, unsigned int, unsigned int, bool)+0x28
V  [libjvm.so+0x75071c]  os::commit_memory(char*, unsigned int, unsigned int, bool)+0x2c
V  [libjvm.so+0x8d03bc]  VirtualSpace::expand_by(unsigned int, bool)+0x1ec
V  [libjvm.so+0x4a4535]  CodeHeap::expand_by(unsigned int)+0x65
V  [libjvm.so+0x31f612]  CodeCache::allocate(int, bool)+0x72
V  [libjvm.so+0x31a563]  BufferBlob::create(char const*, int)+0x93
V  [libjvm.so+0x31e33c]  CodeBuffer::initialize(int, int)+0x2c
V  [libjvm.so+0x76885d]  Compile::init_buffer(unsigned int*)+0x22d
V  [libjvm.so+0x76e238]  Compile::Output()+0x378
V  [libjvm.so+0x33a869]  Compile::Code_Gen()+0x339
V  [libjvm.so+0x33f319]  Compile::Compile(ciEnv*, C2Compiler*, ciMethod*, int, bool, bool, bool)+0x1289
V  [libjvm.so+0x295004]  C2Compiler::compile_method(ciEnv*, ciMethod*, int)+0x1b4
V  [libjvm.so+0x349a61]  CompileBroker::invoke_compiler_on_method(CompileTask*)+0xda1
V  [libjvm.so+0x34a877]  CompileBroker::compiler_thread_loop()+0x567
V  [libjvm.so+0x87d608]  compiler_thread_entry(JavaThread*, Thread*)+0x18
V  [libjvm.so+0x887bc9]  JavaThread::thread_main_inner()+0x109
V  [libjvm.so+0x887d4b]  JavaThread::run()+0x14b
V  [libjvm.so+0x758969]  java_start(Thread*)+0x119
C  [libpthread.so.0+0x6f72]  start_thread+0xd2
C  [libc.so.6+0xebf8e]  clone+0x5e


Current CompileTask:
C2:  16185 1025   !   4       com.android.dx.cf.cst.ConstantPoolParser::parse0 (731 bytes)


---------------  P R O C E S S  ---------------

Java Threads: ( => current thread )
  0x63008c00 JavaThread "pool-1-thread-4" [_thread_blocked, id=12190, stack(0x6310d000,0x6315e000)]
  0x63007400 JavaThread "pool-1-thread-3" [_thread_blocked, id=12189, stack(0x6315e000,0x631af000)]
  0x63001400 JavaThread "pool-1-thread-2" [_thread_blocked, id=12188, stack(0x631af000,0x63200000)]
  0x63bfe800 JavaThread "pool-2-thread-1" [_thread_blocked, id=12187, stack(0x63309000,0x6335a000)]
  0x63bfc000 JavaThread "pool-1-thread-1" [_thread_blocked, id=12186, stack(0x6335a000,0x633ab000)]
  0x63baa800 JavaThread "Service Thread" daemon [_thread_blocked, id=12183, stack(0x6342c000,0x6347d000)]
  0x63ba7c00 JavaThread "C1 CompilerThread2" daemon [_thread_in_vm, id=12182, stack(0x6347d000,0x634fe000)]
=>0x63ba6400 JavaThread "C2 CompilerThread1" daemon [_thread_in_vm, id=12181, stack(0x634fe000,0x6357f000)]
  0x63ba4400 JavaThread "C2 CompilerThread0" daemon [_thread_in_vm, id=12180, stack(0x6357f000,0x63600000)]
  0x63ba2c00 JavaThread "Signal Dispatcher" daemon [_thread_blocked, id=12179, stack(0x63a0d000,0x63a5e000)]
  0x63b88c00 JavaThread "Finalizer" daemon [_thread_blocked, id=12178, stack(0x63a5e000,0x63aaf000)]
  0x63b85c00 JavaThread "Reference Handler" daemon [_thread_blocked, id=12177, stack(0x63aaf000,0x63b00000)]
  0xb6507800 JavaThread "main" [_thread_blocked, id=12171, stack(0xb66ab000,0xb66fc000)]

Other Threads:
  0x63b81400 VMThread [stack: 0x63c0b000,0x63c8c000] [id=12176]
  0x63badc00 WatcherThread [stack: 0x633ab000,0x6342c000] [id=12184]

VM state:synchronizing (normal execution)

VM Mutex/Monitor currently owned by a thread:  ([mutex/lock_event])
[0xb65044b0] CodeCache_lock - owner thread: 0x63ba6400
[0xb6504ed8] Threads_lock - owner thread: 0x63b81400
[0xb65056f8] Compile_lock - owner thread: 0x63ba7c00
[0xb65057c8] MethodCompileQueue_lock - owner thread: 0x63ba7c00

Heap:
 PSYoungGen      total 18432K, used 6090K [0x91ac0000, 0x945c0000, 0xa7000000)
  eden space 15872K, 22% used [0x91ac0000,0x91e35778,0x92a40000)
  from space 2560K, 99% used [0x92a40000,0x92cbd3e8,0x92cc0000)
  to   space 6144K, 0% used [0x93fc0000,0x93fc0000,0x945c0000)
 ParOldGen       total 42496K, used 9613K [0x67000000, 0x69980000, 0x91ac0000)
  object space 42496K, 22% used [0x67000000,0x67963448,0x69980000)
 Metaspace       used 3946K, capacity 3974K, committed 3992K, reserved 4400K

Card table byte_map: [0x66dff000,0x67000000] byte_map_base: 0x66ac7000

Marking Bits: (ParMarkBitMap*) 0xb714b8e0
 Begin Bits: [0x64700000, 0x65700000)
 End Bits:   [0x65700000, 0x66700000)

Polling page: 0xb7756000

CodeCache: size=245760Kb used=3828Kb max_used=3828Kb free=241931Kb
 bounds [0xa7500000, 0xa78c0000, 0xb6500000]
 total_blobs=1485 nmethods=1322 adapters=75
 compilation: enabled

Compilation events (10 events):
Event: 6.313 Thread 0x63ba7c00 1387       2       com.android.dx.ssa.SCCP::replaceBranches (142 bytes)
Event: 6.314 Thread 0x63ba7c00 nmethod 1387 0xa78bc548 code [0xa78bc700, 0xa78bcb74]
Event: 6.314 Thread 0x63ba7c00 1381       2       java.util.concurrent.locks.LockSupport::setBlocker (12 bytes)
Event: 6.314 Thread 0x63ba7c00 nmethod 1381 0xa78bd108 code [0xa78bd200, 0xa78bd2c0]
Event: 6.314 Thread 0x63ba7c00 1377       2       java.util.concurrent.locks.ReentrantLock$FairSync::tryAcquire (74 bytes)
Event: 6.315 Thread 0x63ba7c00 nmethod 1377 0xa78bd348 code [0xa78bd480, 0xa78bd698]
Event: 6.315 Thread 0x63ba7c00 1378       2       java.util.concurrent.locks.AbstractQueuedSynchronizer::hasQueuedPredecessors (40 bytes)
Event: 6.315 Thread 0x63ba7c00 nmethod 1378 0xa78bd788 code [0xa78bd8a0, 0xa78bd9c0]
Event: 6.315 Thread 0x63ba7c00 1376       2       com.android.dx.cf.direct.DirectClassFile::makeTypeList (47 bytes)
Event: 6.316 Thread 0x63ba7c00 nmethod 1376 0xa78bda88 code [0xa78bdbc0, 0xa78bddd8]

GC Heap History (10 events):
Event: 2.479 GC heap before
{Heap before GC invocations=1 (full 0):
 PSYoungGen      total 18432K, used 15872K [0x91ac0000, 0x92f40000, 0xa7000000)
  eden space 15872K, 100% used [0x91ac0000,0x92a40000,0x92a40000)
  from space 2560K, 0% used [0x92cc0000,0x92cc0000,0x92f40000)
  to   space 2560K, 0% used [0x92a40000,0x92a40000,0x92cc0000)
 ParOldGen       total 42496K, used 0K [0x67000000, 0x69980000, 0x91ac0000)
  object space 42496K, 0% used [0x67000000,0x67000000,0x69980000)
 Metaspace       used 3568K, capacity 3622K, committed 3736K, reserved 4400K
Event: 2.500 GC heap after
Heap after GC invocations=1 (full 0):
 PSYoungGen      total 18432K, used 2546K [0x91ac0000, 0x92f40000, 0xa7000000)
  eden space 15872K, 0% used [0x91ac0000,0x91ac0000,0x92a40000)
  from space 2560K, 99% used [0x92a40000,0x92cbcb58,0x92cc0000)
  to   space 2560K, 0% used [0x92cc0000,0x92cc0000,0x92f40000)
 ParOldGen       total 42496K, used 560K [0x67000000, 0x69980000, 0x91ac0000)
  object space 42496K, 1% used [0x67000000,0x6708c350,0x69980000)
 Metaspace       used 3568K, capacity 3622K, committed 3736K, reserved 4400K
}
Event: 4.557 GC heap before
{Heap before GC invocations=2 (full 0):
 PSYoungGen      total 18432K, used 18418K [0x91ac0000, 0x92f40000, 0xa7000000)
  eden space 15872K, 100% used [0x91ac0000,0x92a40000,0x92a40000)
  from space 2560K, 99% used [0x92a40000,0x92cbcb58,0x92cc0000)
  to   space 2560K, 0% used [0x92cc0000,0x92cc0000,0x92f40000)
 ParOldGen       total 42496K, used 560K [0x67000000, 0x69980000, 0x91ac0000)
  object space 42496K, 1% used [0x67000000,0x6708c350,0x69980000)
 Metaspace       used 3761K, capacity 3782K, committed 3864K, reserved 4400K
Event: 4.722 GC heap after
Heap after GC invocations=2 (full 0):
 PSYoungGen      total 18432K, used 2551K [0x91ac0000, 0x92f40000, 0xa7000000)
  eden space 15872K, 0% used [0x91ac0000,0x91ac0000,0x92a40000)
  from space 2560K, 99% used [0x92cc0000,0x92f3df60,0x92f40000)
  to   space 2560K, 0% used [0x92a40000,0x92a40000,0x92cc0000)
 ParOldGen       total 42496K, used 2146K [0x67000000, 0x69980000, 0x91ac0000)
  object space 42496K, 5% used [0x67000000,0x67218af0,0x69980000)
 Metaspace       used 3761K, capacity 3782K, committed 3864K, reserved 4400K
}
Event: 5.696 GC heap before
{Heap before GC invocations=3 (full 0):
 PSYoungGen      total 18432K, used 18423K [0x91ac0000, 0x92f40000, 0xa7000000)
  eden space 15872K, 100% used [0x91ac0000,0x92a40000,0x92a40000)
  from space 2560K, 99% used [0x92cc0000,0x92f3df60,0x92f40000)
  to   space 2560K, 0% used [0x92a40000,0x92a40000,0x92cc0000)
 ParOldGen       total 42496K, used 2146K [0x67000000, 0x69980000, 0x91ac0000)
  object space 42496K, 5% used [0x67000000,0x67218af0,0x69980000)
 Metaspace       used 3858K, capacity 3878K, committed 3992K, reserved 4400K
Event: 5.707 GC heap after
Heap after GC invocations=3 (full 0):
 PSYoungGen      total 18432K, used 2547K [0x91ac0000, 0x92f40000, 0xa7000000)
  eden space 15872K, 0% used [0x91ac0000,0x91ac0000,0x92a40000)
  from space 2560K, 99% used [0x92a40000,0x92cbcf30,0x92cc0000)
  to   space 2560K, 0% used [0x92cc0000,0x92cc0000,0x92f40000)
 ParOldGen       total 42496K, used 4519K [0x67000000, 0x69980000, 0x91ac0000)
  object space 42496K, 10% used [0x67000000,0x67469fd8,0x69980000)
 Metaspace       used 3858K, capacity 3878K, committed 3992K, reserved 4400K
}
Event: 5.847 GC heap before
{Heap before GC invocations=4 (full 0):
 PSYoungGen      total 18432K, used 18419K [0x91ac0000, 0x92f40000, 0xa7000000)
  eden space 15872K, 100% used [0x91ac0000,0x92a40000,0x92a40000)
  from space 2560K, 99% used [0x92a40000,0x92cbcf30,0x92cc0000)
  to   space 2560K, 0% used [0x92cc0000,0x92cc0000,0x92f40000)
 ParOldGen       total 42496K, used 4519K [0x67000000, 0x69980000, 0x91ac0000)
  object space 42496K, 10% used [0x67000000,0x67469fd8,0x69980000)
 Metaspace       used 3908K, capacity 3942K, committed 3992K, reserved 4400K
Event: 5.861 GC heap after
Heap after GC invocations=4 (full 0):
 PSYoungGen      total 18432K, used 2555K [0x91ac0000, 0x93ec0000, 0xa7000000)
  eden space 15872K, 0% used [0x91ac0000,0x91ac0000,0x92a40000)
  from space 2560K, 99% used [0x92cc0000,0x92f3ee80,0x92f40000)
  to   space 2560K, 0% used [0x92a40000,0x92a40000,0x92cc0000)
 ParOldGen       total 42496K, used 7107K [0x67000000, 0x69980000, 0x91ac0000)
  object space 42496K, 16% used [0x67000000,0x676f0e30,0x69980000)
 Metaspace       used 3908K, capacity 3942K, committed 3992K, reserved 4400K
}
Event: 5.997 GC heap before
{Heap before GC invocations=5 (full 0):
 PSYoungGen      total 18432K, used 18427K [0x91ac0000, 0x93ec0000, 0xa7000000)
  eden space 15872K, 100% used [0x91ac0000,0x92a40000,0x92a40000)
  from space 2560K, 99% used [0x92cc0000,0x92f3ee80,0x92f40000)
  to   space 2560K, 0% used [0x92a40000,0x92a40000,0x92cc0000)
 ParOldGen       total 42496K, used 7107K [0x67000000, 0x69980000, 0x91ac0000)
  object space 42496K, 16% used [0x67000000,0x676f0e30,0x69980000)
 Metaspace       used 3910K, capacity 3942K, committed 3992K, reserved 4400K
Event: 6.025 GC heap after
Heap after GC invocations=5 (full 0):
 PSYoungGen      total 18432K, used 2548K [0x91ac0000, 0x945c0000, 0xa7000000)
  eden space 15872K, 0% used [0x91ac0000,0x91ac0000,0x92a40000)
  from space 2560K, 99% used [0x92a40000,0x92cbd3e8,0x92cc0000)
  to   space 6144K, 0% used [0x93fc0000,0x93fc0000,0x945c0000)
 ParOldGen       total 42496K, used 9613K [0x67000000, 0x69980000, 0x91ac0000)
  object space 42496K, 22% used [0x67000000,0x67963448,0x69980000)
 Metaspace       used 3910K, capacity 3942K, committed 3992K, reserved 4400K
}

Deoptimization events (9 events):
Event: 1.654 Thread 0xb6507800 Uncommon trap: reason=unstable_if action=reinterpret pc=0xa75d1974 method=java.lang.String.indexOf(II)I @ 49
Event: 1.809 Thread 0x63007400 Uncommon trap: reason=unstable_if action=reinterpret pc=0xa75ec7c8 method=java.lang.String.compareTo(Ljava/lang/String;)I @ 38
Event: 2.562 Thread 0x63008c00 Uncommon trap: reason=unstable_if action=reinterpret pc=0xa7654fc8 method=java.util.BitSet.nextSetBit(I)I @ 87
Event: 2.576 Thread 0x63bfc000 Uncommon trap: reason=unstable_if action=reinterpret pc=0xa76508d8 method=java.util.HashMap.getNode(ILjava/lang/Object;)Ljava/util/HashMap$Node; @ 129
Event: 2.966 Thread 0xb6507800 Uncommon trap: reason=unstable_if action=reinterpret pc=0xa7686e54 method=com.android.dx.rop.cst.Constant.compareTo(Lcom/android/dx/rop/cst/Constant;)I @ 12
Event: 4.369 Thread 0x63001400 Uncommon trap: reason=null_check action=make_not_entrant pc=0xa7711484 method=com.android.dx.ssa.SsaRenamer.getLocalForNewReg(I)Lcom/android/dx/rop/code/LocalItem; @ 19
Event: 5.836 Thread 0xb6507800 Uncommon trap: reason=unstable_if action=reinterpret pc=0xa77bbc68 method=com.android.dx.rop.cst.StdConstantPool.set(ILcom/android/dx/rop/cst/Constant;)V @ 12
Event: 5.907 Thread 0x63bfc000 Uncommon trap: reason=unstable_if action=reinterpret pc=0xa772ea1c method=com.android.dx.rop.code.RegisterSpecSet.<init>(I)V @ 2
Event: 6.182 Thread 0x63007400 Uncommon trap: reason=unstable_if action=reinterpret pc=0xa788e9bc method=com.android.dx.ssa.SsaMethod.updateOneDefinition(Lcom/android/dx/ssa/SsaInsn;Lcom/android/dx/rop/code/RegisterSpec;)V @ 4

Internal exceptions (3 events):
Event: 0.232 Thread 0xb6507800 Exception <a 'java/lang/NoSuchMethodError': Method sun.misc.Unsafe.defineClass(Ljava/lang/String;[BII)Ljava/lang/Class; name or signature does not match> (0x91ac6ea0) thrown at [/HUDSON/workspace/8-2-build-linux-i586/jdk8u101/7261/hotspot/src/share/vm/pri
Event: 0.232 Thread 0xb6507800 Exception <a 'java/lang/NoSuchMethodError': Method sun.misc.Unsafe.prefetchRead(Ljava/lang/Object;J)V name or signature does not match> (0x91ac7170) thrown at [/HUDSON/workspace/8-2-build-linux-i586/jdk8u101/7261/hotspot/src/share/vm/prims/jni.cpp, line 4
Event: 4.369 Thread 0x63001400 Implicit null exception at 0xa770f1e1 to 0xa7711455

Events (10 events):
Event: 5.956 loading class com/android/dx/rop/code/RegOps done
Event: 5.970 Thread 0x63008c00 DEOPT PACKING pc=0xa7751a10 sp=0x6315c770
Event: 5.970 Thread 0x63008c00 DEOPT UNPACKING pc=0xa753c590 sp=0x6315c640 mode 0
Event: 5.971 Thread 0x63bfc000 DEOPT PACKING pc=0xa78687d2 sp=0x633a98c0
Event: 5.971 Thread 0x63bfc000 DEOPT UNPACKING pc=0xa753c590 sp=0x633a976c mode 0
Event: 5.997 Executing VM operation: ParallelGCFailedAllocation
Event: 6.025 Executing VM operation: ParallelGCFailedAllocation done
Event: 6.182 Thread 0x63007400 Uncommon trap: trap_request=0xffffff65 fr.pc=0xa788e9bc
Event: 6.182 Thread 0x63007400 DEOPT PACKING pc=0xa788e9bc sp=0x631ad530
Event: 6.182 Thread 0x63007400 DEOPT UNPACKING pc=0xa753ae55 sp=0x631ad50c mode 2


Dynamic libraries:
08048000-08049000 r-xp 00000000 08:05 739177     /usr/lib/jvm/jdk1.8.0_101/bin/java
08049000-0804a000 rw-p 00000000 08:05 739177     /usr/lib/jvm/jdk1.8.0_101/bin/java
09676000-09697000 rw-p 00000000 00:00 0          [heap]
61300000-613ec000 rw-p 00000000 00:00 0 
613ec000-61400000 ---p 00000000 00:00 0 
61400000-614d7000 rw-p 00000000 00:00 0 
614d7000-61500000 ---p 00000000 00:00 0 
61500000-615ff000 rw-p 00000000 00:00 0 
615ff000-61600000 ---p 00000000 00:00 0 
61600000-61658000 rw-p 00000000 00:00 0 
61658000-61700000 ---p 00000000 00:00 0 
61700000-617fc000 rw-p 00000000 00:00 0 
617fc000-61800000 ---p 00000000 00:00 0 
61800000-618b5000 rw-p 00000000 00:00 0 
618b5000-61900000 ---p 00000000 00:00 0 
61900000-61a00000 rw-p 00000000 00:00 0 
61d00000-61df9000 rw-p 00000000 00:00 0 
61df9000-61e00000 ---p 00000000 00:00 0 
61e00000-61efb000 rw-p 00000000 00:00 0 
61efb000-61f00000 ---p 00000000 00:00 0 
61f00000-61ff0000 rw-p 00000000 00:00 0 
61ff0000-62000000 ---p 00000000 00:00 0 
62000000-6206b000 rw-p 00000000 00:00 0 
6206b000-62100000 ---p 00000000 00:00 0 
62100000-622fd000 rw-p 00000000 00:00 0 
622fd000-62300000 ---p 00000000 00:00 0 
62300000-623fe000 rw-p 00000000 00:00 0 
623fe000-62400000 ---p 00000000 00:00 0 
62500000-625e8000 rw-p 00000000 00:00 0 
625e8000-62600000 ---p 00000000 00:00 0 
62700000-627fa000 rw-p 00000000 00:00 0 
627fa000-62800000 ---p 00000000 00:00 0 
62900000-629fa000 rw-p 00000000 00:00 0 
629fa000-62a00000 ---p 00000000 00:00 0 
62a00000-62b00000 rw-p 00000000 00:00 0 
62b00000-62c00000 rw-p 00000000 00:00 0 
62c00000-62d00000 rw-p 00000000 00:00 0 
62d00000-62eff000 rw-p 00000000 00:00 0 
62eff000-62f00000 ---p 00000000 00:00 0 
62f00000-62fe6000 rw-p 00000000 00:00 0 
62fe6000-63000000 ---p 00000000 00:00 0 
63000000-63042000 rw-p 00000000 00:00 0 
63042000-63100000 ---p 00000000 00:00 0 
6310d000-63110000 ---p 00000000 00:00 0 
63110000-6315e000 rw-p 00000000 00:00 0 
6315e000-63161000 ---p 00000000 00:00 0 
63161000-631af000 rw-p 00000000 00:00 0 
631af000-631b2000 ---p 00000000 00:00 0 
631b2000-63200000 rw-p 00000000 00:00 0 
63200000-632fa000 rw-p 00000000 00:00 0 
632fa000-63300000 ---p 00000000 00:00 0 
63309000-6330c000 ---p 00000000 00:00 0 
6330c000-6335a000 rw-p 00000000 00:00 0 
6335a000-6335d000 ---p 00000000 00:00 0 
6335d000-633ab000 rw-p 00000000 00:00 0 
633ab000-633ac000 ---p 00000000 00:00 0 
633ac000-6342c000 rw-p 00000000 00:00 0 
6342c000-6342f000 ---p 00000000 00:00 0 
6342f000-6347d000 rw-p 00000000 00:00 0 
6347d000-63480000 ---p 00000000 00:00 0 
63480000-634fe000 rw-p 00000000 00:00 0 
634fe000-63501000 ---p 00000000 00:00 0 
63501000-6357f000 rw-p 00000000 00:00 0 
6357f000-63582000 ---p 00000000 00:00 0 
63582000-63600000 rw-p 00000000 00:00 0 
63600000-63800000 r--p 00000000 08:05 2761272    /usr/lib/locale/locale-archive
63800000-63821000 rw-p 00000000 00:00 0 
63821000-63900000 ---p 00000000 00:00 0 
63900000-639f9000 rw-p 00000000 00:00 0 
639f9000-63a00000 ---p 00000000 00:00 0 
63a0d000-63a10000 ---p 00000000 00:00 0 
63a10000-63a5e000 rw-p 00000000 00:00 0 
63a5e000-63a61000 ---p 00000000 00:00 0 
63a61000-63aaf000 rw-p 00000000 00:00 0 
63aaf000-63ab2000 ---p 00000000 00:00 0 
63ab2000-63b00000 rw-p 00000000 00:00 0 
63b00000-63c00000 rw-p 00000000 00:00 0 
63c0b000-63c0c000 ---p 00000000 00:00 0 
63c0c000-63cdb000 rw-p 00000000 00:00 0 
63cdb000-63eb4000 r--s 03d29000 08:05 739523     /usr/lib/jvm/jdk1.8.0_101/jre/lib/rt.jar
63eb4000-6429a000 rw-p 00000000 00:00 0 
6429a000-64300000 ---p 00000000 00:00 0 
64300000-66700000 rw-p 00000000 00:00 0 
66700000-667fe000 rw-p 00000000 00:00 0 
667fe000-66800000 ---p 00000000 00:00 0 
66824000-6687f000 rw-p 00000000 00:00 0 
6687f000-66880000 ---p 00000000 00:00 0 
66880000-66900000 rw-p 00000000 00:00 0 
66900000-66921000 rw-p 00000000 00:00 0 
66921000-66a00000 ---p 00000000 00:00 0 
66a00000-66afb000 rw-p 00000000 00:00 0 
66afb000-66b00000 ---p 00000000 00:00 0 
66b00000-66b21000 rw-p 00000000 00:00 0 
66b21000-66c00000 ---p 00000000 00:00 0 
66c28000-66c29000 ---p 00000000 00:00 0 
66c29000-66cbe000 rw-p 00000000 00:00 0 
66cbe000-66dff000 ---p 00000000 00:00 0 
66dff000-66e14000 rw-p 00000000 00:00 0 
66e14000-66f54000 ---p 00000000 00:00 0 
66f54000-66f6a000 rw-p 00000000 00:00 0 
66f6a000-66fff000 ---p 00000000 00:00 0 
66fff000-69980000 rw-p 00000000 00:00 0 
69980000-91ac0000 ---p 00000000 00:00 0 
91ac0000-945c0000 rw-p 00000000 00:00 0 
945c0000-a7000000 ---p 00000000 00:00 0 
a7026000-a703e000 rw-p 00000000 00:00 0 
a703e000-a703f000 ---p 00000000 00:00 0 
a703f000-a70bf000 rw-p 00000000 00:00 0 
a70bf000-a70c0000 ---p 00000000 00:00 0 
a70c0000-a714f000 rw-p 00000000 00:00 0 
a714f000-a7500000 ---p 00000000 00:00 0 
a7500000-a78c0000 rwxp 00000000 00:00 0 
a78c8000-b6500000 ---p 00000000 00:00 0 
b6500000-b65fb000 rw-p 00000000 00:00 0 
b65fb000-b6600000 ---p 00000000 00:00 0 
b660c000-b6616000 r--s 00046000 08:05 1004851    /home/hsrish/AndroidStudioProjects/IOT/app/build/intermediates/exploded-aar/com.android.support/support-v4/23.4.0/jars/libs/internal_impl-23.4.0.jar
b6616000-b662f000 r-xp 00000000 08:05 739476     /usr/lib/jvm/jdk1.8.0_101/jre/lib/i386/libzip.so
b662f000-b6630000 rw-p 00019000 08:05 739476     /usr/lib/jvm/jdk1.8.0_101/jre/lib/i386/libzip.so
b6630000-b663a000 r-xp 00000000 08:05 1058765    /lib/i386-linux-gnu/libnss_files-2.19.so
b663a000-b663b000 r--p 00009000 08:05 1058765    /lib/i386-linux-gnu/libnss_files-2.19.so
b663b000-b663c000 rw-p 0000a000 08:05 1058765    /lib/i386-linux-gnu/libnss_files-2.19.so
b663c000-b6646000 r-xp 00000000 08:05 1058737    /lib/i386-linux-gnu/libnss_nis-2.19.so
b6646000-b6647000 r--p 00009000 08:05 1058737    /lib/i386-linux-gnu/libnss_nis-2.19.so
b6647000-b6648000 rw-p 0000a000 08:05 1058737    /lib/i386-linux-gnu/libnss_nis-2.19.so
b6648000-b665d000 r-xp 00000000 08:05 1057246    /lib/i386-linux-gnu/libnsl-2.19.so
b665d000-b665e000 r--p 00015000 08:05 1057246    /lib/i386-linux-gnu/libnsl-2.19.so
b665e000-b665f000 rw-p 00016000 08:05 1057246    /lib/i386-linux-gnu/libnsl-2.19.so
b665f000-b6661000 rw-p 00000000 00:00 0 
b6666000-b6675000 r--s 000df000 08:05 564940     /home/hsrish/Android/Sdk/build-tools/23.0.3/lib/dx.jar
b6675000-b667d000 rw-s 00000000 08:05 826413     /tmp/hsperfdata_hsrish/12167
b667d000-b66a1000 r-xp 00000000 08:05 739471     /usr/lib/jvm/jdk1.8.0_101/jre/lib/i386/libjava.so
b66a1000-b66a2000 rw-p 00023000 08:05 739471     /usr/lib/jvm/jdk1.8.0_101/jre/lib/i386/libjava.so
b66a2000-b66a9000 r-xp 00000000 08:05 1058757    /lib/i386-linux-gnu/librt-2.19.so
b66a9000-b66aa000 r--p 00006000 08:05 1058757    /lib/i386-linux-gnu/librt-2.19.so
b66aa000-b66ab000 rw-p 00007000 08:05 1058757    /lib/i386-linux-gnu/librt-2.19.so
b66ab000-b66ae000 ---p 00000000 00:00 0 
b66ae000-b66fc000 rw-p 00000000 00:00 0 
b66fc000-b6740000 r-xp 00000000 08:05 1049798    /lib/i386-linux-gnu/libm-2.19.so
b6740000-b6741000 r--p 00043000 08:05 1049798    /lib/i386-linux-gnu/libm-2.19.so
b6741000-b6742000 rw-p 00044000 08:05 1049798    /lib/i386-linux-gnu/libm-2.19.so
b6742000-b70cb000 r-xp 00000000 08:05 739456     /usr/lib/jvm/jdk1.8.0_101/jre/lib/i386/server/libjvm.so
b70cb000-b7138000 rw-p 00989000 08:05 739456     /usr/lib/jvm/jdk1.8.0_101/jre/lib/i386/server/libjvm.so
b7138000-b7561000 rw-p 00000000 00:00 0 
b7561000-b7709000 r-xp 00000000 08:05 1058759    /lib/i386-linux-gnu/libc-2.19.so
b7709000-b770a000 ---p 001a8000 08:05 1058759    /lib/i386-linux-gnu/libc-2.19.so
b770a000-b770c000 r--p 001a8000 08:05 1058759    /lib/i386-linux-gnu/libc-2.19.so
b770c000-b770d000 rw-p 001aa000 08:05 1058759    /lib/i386-linux-gnu/libc-2.19.so
b770d000-b7710000 rw-p 00000000 00:00 0 
b7710000-b7713000 r-xp 00000000 08:05 1057220    /lib/i386-linux-gnu/libdl-2.19.so
b7713000-b7714000 r--p 00002000 08:05 1057220    /lib/i386-linux-gnu/libdl-2.19.so
b7714000-b7715000 rw-p 00003000 08:05 1057220    /lib/i386-linux-gnu/libdl-2.19.so
b7715000-b7729000 r-xp 00000000 08:05 674753     /usr/lib/jvm/jdk1.8.0_101/lib/i386/jli/libjli.so
b7729000-b772a000 rw-p 00014000 08:05 674753     /usr/lib/jvm/jdk1.8.0_101/lib/i386/jli/libjli.so
b772a000-b772b000 rw-p 00000000 00:00 0 
b772b000-b7743000 r-xp 00000000 08:05 1057247    /lib/i386-linux-gnu/libpthread-2.19.so
b7743000-b7744000 r--p 00018000 08:05 1057247    /lib/i386-linux-gnu/libpthread-2.19.so
b7744000-b7745000 rw-p 00019000 08:05 1057247    /lib/i386-linux-gnu/libpthread-2.19.so
b7745000-b7747000 rw-p 00000000 00:00 0 
b774b000-b774c000 r--p 00850000 08:05 2761272    /usr/lib/locale/locale-archive
b774c000-b7753000 r-xp 00000000 08:05 1057224    /lib/i386-linux-gnu/libnss_compat-2.19.so
b7753000-b7754000 r--p 00006000 08:05 1057224    /lib/i386-linux-gnu/libnss_compat-2.19.so
b7754000-b7755000 rw-p 00007000 08:05 1057224    /lib/i386-linux-gnu/libnss_compat-2.19.so
b7755000-b7756000 rw-p 00000000 00:00 0 
b7756000-b7757000 ---p 00000000 00:00 0 
b7757000-b7762000 r-xp 00000000 08:05 739422     /usr/lib/jvm/jdk1.8.0_101/jre/lib/i386/libverify.so
b7762000-b7763000 rw-p 0000b000 08:05 739422     /usr/lib/jvm/jdk1.8.0_101/jre/lib/i386/libverify.so
b7763000-b7765000 rw-p 00000000 00:00 0 
b7765000-b7767000 r--p 00000000 00:00 0          [vvar]
b7767000-b7769000 r-xp 00000000 00:00 0          [vdso]
b7769000-b7789000 r-xp 00000000 08:05 1058701    /lib/i386-linux-gnu/ld-2.19.so
b7789000-b778a000 r--p 0001f000 08:05 1058701    /lib/i386-linux-gnu/ld-2.19.so
b778a000-b778b000 rw-p 00020000 08:05 1058701    /lib/i386-linux-gnu/ld-2.19.so
bfd26000-bfd27000 rwxp 00000000 00:00 0 
bfd59000-bfd7a000 rw-p 00000000 00:00 0          [stack]

VM Arguments:
jvm_args: -Djava.awt.headless=true -Xmx1024M -Dfile.encoding=UTF-8 -Duser.country=IN -Duser.language=en -Duser.variant 
java_command: com.android.dx.command.Main --dex --force-jumbo --num-threads=4 --output /home/hsrish/AndroidStudioProjects/IOT/app/build/intermediates/pre-dexed/debug/internal_impl-23.4.0_c19e4e54744f8cd034438354fb4c9b15d85ac872.jar /home/hsrish/AndroidStudioProjects/IOT/app/build/intermediates/exploded-aar/com.android.support/support-v4/23.4.0/jars/libs/internal_impl-23.4.0.jar
java_class_path (initial): /home/hsrish/Android/Sdk/build-tools/23.0.3/lib/dx.jar
Launcher Type: SUN_STANDARD

Environment Variables:
PATH=/usr/local/heroku/bin:/usr/local/sbin:/usr/local/bin:/usr/sbin:/usr/bin:/sbin:/bin:/usr/games:/usr/local/games
LD_LIBRARY_PATH=.:
SHELL=/bin/bash
DISPLAY=:0

Signal Handlers:
SIGSEGV: [libjvm.so+0x8d4e30], sa_mask[0]=11111111011111111101111111111110, sa_flags=SA_RESTART|SA_SIGINFO
SIGBUS: [libjvm.so+0x8d4e30], sa_mask[0]=11111111011111111101111111111110, sa_flags=SA_RESTART|SA_SIGINFO
SIGFPE: [libjvm.so+0x753000], sa_mask[0]=11111111011111111101111111111110, sa_flags=SA_RESTART|SA_SIGINFO
SIGPIPE: [libjvm.so+0x753000], sa_mask[0]=11111111011111111101111111111110, sa_flags=SA_RESTART|SA_SIGINFO
SIGXFSZ: [libjvm.so+0x753000], sa_mask[0]=11111111011111111101111111111110, sa_flags=SA_RESTART|SA_SIGINFO
SIGILL: [libjvm.so+0x753000], sa_mask[0]=11111111011111111101111111111110, sa_flags=SA_RESTART|SA_SIGINFO
SIGUSR1: SIG_DFL, sa_mask[0]=00000000000000000000000000000000, sa_flags=none
SIGUSR2: [libjvm.so+0x754680], sa_mask[0]=00100000000000000000000000000000, sa_flags=SA_RESTART|SA_SIGINFO
SIGHUP: [libjvm.so+0x755b30], sa_mask[0]=11111111011111111101111111111110, sa_flags=SA_RESTART|SA_SIGINFO
SIGINT: [libjvm.so+0x755b30], sa_mask[0]=11111111011111111101111111111110, sa_flags=SA_RESTART|SA_SIGINFO
SIGTERM: [libjvm.so+0x755b30], sa_mask[0]=11111111011111111101111111111110, sa_flags=SA_RESTART|SA_SIGINFO
SIGQUIT: [libjvm.so+0x755b30], sa_mask[0]=11111111011111111101111111111110, sa_flags=SA_RESTART|SA_SIGINFO


---------------  S Y S T E M  ---------------

OS:DISTRIB_ID=Ubuntu
DISTRIB_RELEASE=14.04
DISTRIB_CODENAME=trusty
DISTRIB_DESCRIPTION="Ubuntu 14.04.5 LTS"

uname:Linux 3.19.0-66-generic #74~14.04.1-Ubuntu SMP Tue Jul 19 19:56:23 UTC 2016 i686
libc:glibc 2.19 NPTL 2.19 
rlimit: STACK 8192k, CORE 0k, NPROC 31018, NOFILE 4096, AS infinity
load average:8.22 6.01 3.66

/proc/meminfo:
MemTotal:        3998880 kB
MemFree:          206552 kB
MemAvailable:     141004 kB
Buffers:            1024 kB
Cached:           370140 kB
SwapCached:            0 kB
Active:          3323808 kB
Inactive:         353624 kB
Active(anon):    3311600 kB
Inactive(anon):   338284 kB
Active(file):      12208 kB
Inactive(file):    15340 kB
Unevictable:         212 kB
Mlocked:             212 kB
HighTotal:       3139972 kB
HighFree:          39384 kB
LowTotal:         858908 kB
LowFree:          167168 kB
SwapTotal:             0 kB
SwapFree:              0 kB
Dirty:               348 kB
Writeback:             0 kB
AnonPages:       3306668 kB
Mapped:            81460 kB
Shmem:            343428 kB
Slab:              57108 kB
SReclaimable:      27180 kB
SUnreclaim:        29928 kB
KernelStack:        7112 kB
PageTables:        30160 kB
NFS_Unstable:          0 kB
Bounce:               12 kB
WritebackTmp:          0 kB
CommitLimit:     1999440 kB
Committed_AS:    9633976 kB
VmallocTotal:     122880 kB
VmallocUsed:       19104 kB
VmallocChunk:     101896 kB
AnonHugePages:   1388544 kB
CmaTotal:              0 kB
CmaFree:               0 kB
HugePages_Total:       0
HugePages_Free:        0
HugePages_Rsvd:        0
HugePages_Surp:        0
Hugepagesize:       2048 kB
DirectMap4k:       61432 kB
DirectMap2M:      851968 kB


CPU:total 4 (2 cores per cpu, 2 threads per core) family 6 model 37 stepping 2, cmov, cx8, fxsr, mmx, sse, sse2, sse3, ssse3, sse4.1, sse4.2, popcnt, aes, clmul, ht, tsc, tscinvbit

/proc/cpuinfo:
processor	: 0
vendor_id	: GenuineIntel
cpu family	: 6
model		: 37
model name	: Intel(R) Core(TM) i5 CPU       M 520  @ 2.40GHz
stepping	: 2
microcode	: 0x9
cpu MHz		: 2400.000
cache size	: 3072 KB
physical id	: 0
siblings	: 4
core id		: 0
cpu cores	: 2
apicid		: 0
initial apicid	: 0
fdiv_bug	: no
f00f_bug	: no
coma_bug	: no
fpu		: yes
fpu_exception	: yes
cpuid level	: 11
wp		: yes
flags		: fpu vme de pse tsc msr pae mce cx8 apic sep mtrr pge mca cmov pat pse36 clflush dts acpi mmx fxsr sse sse2 ss ht tm pbe nx rdtscp lm constant_tsc arch_perfmon pebs bts xtopology nonstop_tsc aperfmperf pni pclmulqdq dtes64 monitor ds_cpl vmx smx est tm2 ssse3 cx16 xtpr pdcm sse4_1 sse4_2 popcnt aes lahf_lm ida arat dtherm tpr_shadow vnmi flexpriority ept vpid
bugs		:
bogomips	: 4788.40
clflush size	: 64
cache_alignment	: 64
address sizes	: 36 bits physical, 48 bits virtual
power management:

processor	: 1
vendor_id	: GenuineIntel
cpu family	: 6
model		: 37
model name	: Intel(R) Core(TM) i5 CPU       M 520  @ 2.40GHz
stepping	: 2
microcode	: 0x9
cpu MHz		: 2400.000
cache size	: 3072 KB
physical id	: 0
siblings	: 4
core id		: 2
cpu cores	: 2
apicid		: 4
initial apicid	: 4
fdiv_bug	: no
f00f_bug	: no
coma_bug	: no
fpu		: yes
fpu_exception	: yes
cpuid level	: 11
wp		: yes
flags		: fpu vme de pse tsc msr pae mce cx8 apic sep mtrr pge mca cmov pat pse36 clflush dts acpi mmx fxsr sse sse2 ss ht tm pbe nx rdtscp lm constant_tsc arch_perfmon pebs bts xtopology nonstop_tsc aperfmperf pni pclmulqdq dtes64 monitor ds_cpl vmx smx est tm2 ssse3 cx16 xtpr pdcm sse4_1 sse4_2 popcnt aes lahf_lm ida arat dtherm tpr_shadow vnmi flexpriority ept vpid
bugs		:
bogomips	: 4788.40
clflush size	: 64
cache_alignment	: 64
address sizes	: 36 bits physical, 48 bits virtual
power management:

processor	: 2
vendor_id	: GenuineIntel
cpu family	: 6
model		: 37
model name	: Intel(R) Core(TM) i5 CPU       M 520  @ 2.40GHz
stepping	: 2
microcode	: 0x9
cpu MHz		: 1333.000
cache size	: 3072 KB
physical id	: 0
siblings	: 4
core id		: 0
cpu cores	: 2
apicid		: 1
initial apicid	: 1
fdiv_bug	: no
f00f_bug	: no
coma_bug	: no
fpu		: yes
fpu_exception	: yes
cpuid level	: 11
wp		: yes
flags		: fpu vme de pse tsc msr pae mce cx8 apic sep mtrr pge mca cmov pat pse36 clflush dts acpi mmx fxsr sse sse2 ss ht tm pbe nx rdtscp lm constant_tsc arch_perfmon pebs bts xtopology nonstop_tsc aperfmperf pni pclmulqdq dtes64 monitor ds_cpl vmx smx est tm2 ssse3 cx16 xtpr pdcm sse4_1 sse4_2 popcnt aes lahf_lm ida arat dtherm tpr_shadow vnmi flexpriority ept vpid
bugs		:
bogomips	: 4788.40
clflush size	: 64
cache_alignment	: 64
address sizes	: 36 bits physical, 48 bits virtual
power management:

processor	: 3
vendor_id	: GenuineIntel
cpu family	: 6
model		: 37
model name	: Intel(R) Core(TM) i5 CPU       M 520  @ 2.40GHz
stepping	: 2
microcode	: 0x9
cpu MHz		: 2400.000
cache size	: 3072 KB
physical id	: 0
siblings	: 4
core id		: 2
cpu cores	: 2
apicid		: 5
initial apicid	: 5
fdiv_bug	: no
f00f_bug	: no
coma_bug	: no
fpu		: yes
fpu_exception	: yes
cpuid level	: 11
wp		: yes
flags		: fpu vme de pse tsc msr pae mce cx8 apic sep mtrr pge mca cmov pat pse36 clflush dts acpi mmx fxsr sse sse2 ss ht tm pbe nx rdtscp lm constant_tsc arch_perfmon pebs bts xtopology nonstop_tsc aperfmperf pni pclmulqdq dtes64 monitor ds_cpl vmx smx est tm2 ssse3 cx16 xtpr pdcm sse4_1 sse4_2 popcnt aes lahf_lm ida arat dtherm tpr_shadow vnmi flexpriority ept vpid
bugs		:
bogomips	: 4788.40
clflush size	: 64
cache_alignment	: 64
address sizes	: 36 bits physical, 48 bits virtual
power management:



Memory: 4k page, physical 3998880k(206552k free), swap 0k(0k free)

vm_info: Java HotSpot(TM) Server VM (25.101-b13) for linux-x86 JRE (1.8.0_101-b13), built on Jun 22 2016 02:31:35 by "java_re" with gcc 4.3.0 20080428 (Red Hat 4.3.0-8)

time: Tue Oct 25 04:09:16 2016
elapsed time: 16 seconds (0d 0h 0m 16s)

