#
# There is insufficient memory for the Java Runtime Environment to continue.
# Native memory allocation (mmap) failed to map 86245376 bytes for committing reserved memory.
# Possible reasons:
#   The system is out of physical RAM or swap space
#   In 32 bit mode, the process size limit was hit
# Possible solutions:
#   Reduce memory load on the system
#   Increase physical memory or swap space
#   Check if swap backing store is full
#   Use 64 bit Java on a 64 bit OS
#   Decrease Java heap size (-Xmx/-Xms)
#   Decrease number of Java threads
#   Decrease Java thread stack sizes (-Xss)
#   Set larger code cache with -XX:ReservedCodeCacheSize=
# This output file may be truncated or incomplete.
#
#  Out of Memory Error (os_linux.cpp:2627), pid=12041, tid=0x63bdab40
#
# JRE version: Java(TM) SE Runtime Environment (8.0_101-b13) (build 1.8.0_101-b13)
# Java VM: Java HotSpot(TM) Server VM (25.101-b13 mixed mode linux-x86 )
# Failed to write core dump. Core dumps have been disabled. To enable core dumping, try "ulimit -c unlimited" before starting Java again
#

---------------  T H R E A D  ---------------

Current thread (0x63a81400):  VMThread [stack: 0x63b5a000,0x63bdb000] [id=12065]

Stack: [0x63b5a000,0x63bdb000],  sp=0x63bd97a0,  free space=509k
Native frames: (J=compiled Java code, j=interpreted, Vv=VM code, C=native code)
V  [libjvm.so+0x8d431f]  VMError::report_and_die()+0x16f
V  [libjvm.so+0x38ddb5]  report_vm_out_of_memory(char const*, int, unsigned int, VMErrorType, char const*)+0x55
V  [libjvm.so+0x756326]  os::Linux::commit_memory_impl(char*, unsigned int, bool)+0xe6
V  [libjvm.so+0x7567f8]  os::pd_commit_memory(char*, unsigned int, unsigned int, bool)+0x28
V  [libjvm.so+0x75071c]  os::commit_memory(char*, unsigned int, unsigned int, bool)+0x2c
V  [libjvm.so+0x7bb9c8]  PSVirtualSpace::expand_by(unsigned int)+0x48
V  [libjvm.so+0x7bcaca]  PSYoungGen::resize_generation(unsigned int, unsigned int)+0xda
V  [libjvm.so+0x7bbdf9]  PSYoungGen::resize(unsigned int, unsigned int)+0x19
V  [libjvm.so+0x7b9725]  PSScavenge::invoke_no_policy()+0xd15
V  [libjvm.so+0x7b9ee8]  PSScavenge::invoke()+0x28
V  [libjvm.so+0x777d8a]  ParallelScavengeHeap::failed_mem_allocate(unsigned int)+0x5a
V  [libjvm.so+0x8d5dea]  VM_ParallelGCFailedAllocation::doit()+0x7a
V  [libjvm.so+0x8df4a7]  VM_Operation::evaluate()+0x47
V  [libjvm.so+0x8dd583]  VMThread::evaluate_operation(VM_Operation*)+0xb3
V  [libjvm.so+0x8dd920]  VMThread::loop()+0x1b0
V  [libjvm.so+0x8ddd85]  VMThread::run()+0x85
V  [libjvm.so+0x758969]  java_start(Thread*)+0x119
C  [libpthread.so.0+0x6f72]  start_thread+0xd2

VM_Operation (0x633586e4): ParallelGCFailedAllocation, mode: safepoint, requested by thread 0x6322f400


---------------  P R O C E S S  ---------------

Java Threads: ( => current thread )
  0x6323c800 JavaThread "pool-1-thread-4" [_thread_blocked, id=12117, stack(0x62faf000,0x63000000)]
  0x63238400 JavaThread "pool-1-thread-3" [_thread_blocked, id=12115, stack(0x6310d000,0x6315e000)]
  0x63234000 JavaThread "pool-1-thread-2" [_thread_blocked, id=12113, stack(0x6315e000,0x631af000)]
  0x63231800 JavaThread "pool-2-thread-1" [_thread_blocked, id=12109, stack(0x631af000,0x63200000)]
  0x6322f400 JavaThread "pool-1-thread-1" [_thread_blocked, id=12108, stack(0x63309000,0x6335a000)]
  0x63aaa800 JavaThread "Service Thread" daemon [_thread_blocked, id=12093, stack(0x633db000,0x6342c000)]
  0x63aa7c00 JavaThread "C1 CompilerThread2" daemon [_thread_blocked, id=12092, stack(0x6342c000,0x634ad000)]
  0x63aa6400 JavaThread "C2 CompilerThread1" daemon [_thread_blocked, id=12085, stack(0x634ad000,0x6352e000)]
  0x63aa4400 JavaThread "C2 CompilerThread0" daemon [_thread_blocked, id=12084, stack(0x6352e000,0x635af000)]
  0x63aa2c00 JavaThread "Signal Dispatcher" daemon [_thread_blocked, id=12083, stack(0x635af000,0x63600000)]
  0x63a88c00 JavaThread "Finalizer" daemon [_thread_blocked, id=12074, stack(0x63b09000,0x63b5a000)]
  0x63a85c00 JavaThread "Reference Handler" daemon [_thread_blocked, id=12072, stack(0x6672e000,0x6677f000)]
  0xb6507800 JavaThread "main" [_thread_blocked, id=12048, stack(0xb6647000,0xb6698000)]

Other Threads:
=>0x63a81400 VMThread [stack: 0x63b5a000,0x63bdb000] [id=12065]
  0x63aadc00 WatcherThread [stack: 0x6335a000,0x633db000] [id=12099]

VM state:at safepoint (normal execution)

VM Mutex/Monitor currently owned by a thread:  ([mutex/lock_event])
[0xb6504ed8] Threads_lock - owner thread: 0x63a81400
[0xb65052e8] Heap_lock - owner thread: 0x6322f400

Heap:
 PSYoungGen      total 140800K, used 20728K [0x91ac0000, 0x9bd40000, 0xa7000000)
  eden space 120064K, 0% used [0x91ac0000,0x91ac0000,0x99000000)
  from space 20736K, 99% used [0x99000000,0x9a43e110,0x9a440000)
  to   space 15872K, 0% used [0x9a440000,0x9a440000,0x9b3c0000)
 ParOldGen       total 42496K, used 36543K [0x67000000, 0x69980000, 0x91ac0000)
  object space 42496K, 85% used [0x67000000,0x693aff00,0x69980000)
 Metaspace       used 4172K, capacity 4198K, committed 4248K, reserved 4400K

Card table byte_map: [0x66dff000,0x67000000] byte_map_base: 0x66ac7000

Marking Bits: (ParMarkBitMap*) 0xb70e78e0
 Begin Bits: [0x64600000, 0x65600000)
 End Bits:   [0x65600000, 0x66600000)

Polling page: 0xb76f2000

CodeCache: size=245760Kb used=5774Kb max_used=5774Kb free=239985Kb
 bounds [0xa74b2000, 0xa7a5a000, 0xb64b2000]
 total_blobs=2021 nmethods=1860 adapters=75
 compilation: enabled

Compilation events (10 events):
Event: 8.777 Thread 0x63aa7c00 2378   !   2       java.util.zip.ZipFile$ZipFileInputStream::read (131 bytes)
Event: 8.778 Thread 0x63aa7c00 nmethod 2378 0xa7a56fc8 code [0xa7a57140, 0xa7a575e4]
Event: 8.778 Thread 0x63aa7c00 2379       2       java.util.zip.ZipFile::access$1300 (5 bytes)
Event: 8.778 Thread 0x63aa7c00 nmethod 2379 0xa7a57a08 code [0xa7a57b20, 0xa7a57c2c]
Event: 8.778 Thread 0x63aa7c00 2380       2       java.util.zip.ZipFile::ensureOpenOrZipException (18 bytes)
Event: 8.778 Thread 0x63aa7c00 nmethod 2380 0xa7a57d48 code [0xa7a57e60, 0xa7a57f8c]
Event: 8.778 Thread 0x63aa7c00 2381       2       java.util.zip.ZipFile::access$1400 (14 bytes)
Event: 8.779 Thread 0x63aa7c00 nmethod 2381 0xa7a58048 code [0xa7a58160, 0xa7a5826c]
Event: 8.781 Thread 0x63aa7c00 2383       2       java.util.HashMap::comparableClassFor (105 bytes)
Event: 8.782 Thread 0x63aa7c00 nmethod 2383 0xa7a58308 code [0xa7a58480, 0xa7a587bc]

GC Heap History (10 events):
Event: 3.554 GC heap after
Heap after GC invocations=4 (full 0):
 PSYoungGen      total 34304K, used 2547K [0x91ac0000, 0x93ec0000, 0xa7000000)
  eden space 31744K, 0% used [0x91ac0000,0x91ac0000,0x939c0000)
  from space 2560K, 99% used [0x93c40000,0x93ebcd88,0x93ec0000)
  to   space 2560K, 0% used [0x939c0000,0x939c0000,0x93c40000)
 ParOldGen       total 42496K, used 7666K [0x67000000, 0x69980000, 0x91ac0000)
  object space 42496K, 18% used [0x67000000,0x6777c930,0x69980000)
 Metaspace       used 3838K, capacity 3846K, committed 3864K, reserved 4400K
}
Event: 4.097 GC heap before
{Heap before GC invocations=5 (full 0):
 PSYoungGen      total 34304K, used 34291K [0x91ac0000, 0x93ec0000, 0xa7000000)
  eden space 31744K, 100% used [0x91ac0000,0x939c0000,0x939c0000)
  from space 2560K, 99% used [0x93c40000,0x93ebcd88,0x93ec0000)
  to   space 2560K, 0% used [0x939c0000,0x939c0000,0x93c40000)
 ParOldGen       total 42496K, used 7666K [0x67000000, 0x69980000, 0x91ac0000)
  object space 42496K, 18% used [0x67000000,0x6777c930,0x69980000)
 Metaspace       used 3853K, capacity 3878K, committed 3992K, reserved 4400K
Event: 4.187 GC heap after
Heap after GC invocations=5 (full 0):
 PSYoungGen      total 34304K, used 2557K [0x91ac0000, 0x96bc0000, 0xa7000000)
  eden space 31744K, 0% used [0x91ac0000,0x91ac0000,0x939c0000)
  from space 2560K, 99% used [0x939c0000,0x93c3f740,0x93c40000)
  to   space 9728K, 0% used [0x96240000,0x96240000,0x96bc0000)
 ParOldGen       total 42496K, used 13497K [0x67000000, 0x69980000, 0x91ac0000)
  object space 42496K, 31% used [0x67000000,0x67d2e4e0,0x69980000)
 Metaspace       used 3853K, capacity 3878K, committed 3992K, reserved 4400K
}
Event: 4.723 GC heap before
{Heap before GC invocations=6 (full 0):
 PSYoungGen      total 34304K, used 34301K [0x91ac0000, 0x96bc0000, 0xa7000000)
  eden space 31744K, 100% used [0x91ac0000,0x939c0000,0x939c0000)
  from space 2560K, 99% used [0x939c0000,0x93c3f740,0x93c40000)
  to   space 9728K, 0% used [0x96240000,0x96240000,0x96bc0000)
 ParOldGen       total 42496K, used 13497K [0x67000000, 0x69980000, 0x91ac0000)
  object space 42496K, 31% used [0x67000000,0x67d2e4e0,0x69980000)
 Metaspace       used 3888K, capacity 3910K, committed 3992K, reserved 4400K
Event: 4.791 GC heap after
Heap after GC invocations=6 (full 0):
 PSYoungGen      total 72192K, used 8224K [0x91ac0000, 0x96dc0000, 0xa7000000)
  eden space 62464K, 0% used [0x91ac0000,0x91ac0000,0x957c0000)
  from space 9728K, 84% used [0x96240000,0x96a48368,0x96bc0000)
  to   space 10752K, 0% used [0x957c0000,0x957c0000,0x96240000)
 ParOldGen       total 42496K, used 13497K [0x67000000, 0x69980000, 0x91ac0000)
  object space 42496K, 31% used [0x67000000,0x67d2e4e0,0x69980000)
 Metaspace       used 3888K, capacity 3910K, committed 3992K, reserved 4400K
}
Event: 5.724 GC heap before
{Heap before GC invocations=7 (full 0):
 PSYoungGen      total 72192K, used 70688K [0x91ac0000, 0x96dc0000, 0xa7000000)
  eden space 62464K, 100% used [0x91ac0000,0x957c0000,0x957c0000)
  from space 9728K, 84% used [0x96240000,0x96a48368,0x96bc0000)
  to   space 10752K, 0% used [0x957c0000,0x957c0000,0x96240000)
 ParOldGen       total 42496K, used 13497K [0x67000000, 0x69980000, 0x91ac0000)
  object space 42496K, 31% used [0x67000000,0x67d2e4e0,0x69980000)
 Metaspace       used 3937K, capacity 3974K, committed 3992K, reserved 4400K
Event: 5.800 GC heap after
Heap after GC invocations=7 (full 0):
 PSYoungGen      total 73216K, used 10747K [0x91ac0000, 0x9b3c0000, 0xa7000000)
  eden space 62464K, 0% used [0x91ac0000,0x91ac0000,0x957c0000)
  from space 10752K, 99% used [0x957c0000,0x9623ed80,0x96240000)
  to   space 15872K, 0% used [0x9a440000,0x9a440000,0x9b3c0000)
 ParOldGen       total 42496K, used 19890K [0x67000000, 0x69980000, 0x91ac0000)
  object space 42496K, 46% used [0x67000000,0x6836c990,0x69980000)
 Metaspace       used 3937K, capacity 3974K, committed 3992K, reserved 4400K
}
Event: 6.594 GC heap before
{Heap before GC invocations=8 (full 0):
 PSYoungGen      total 73216K, used 73211K [0x91ac0000, 0x9b3c0000, 0xa7000000)
  eden space 62464K, 100% used [0x91ac0000,0x957c0000,0x957c0000)
  from space 10752K, 99% used [0x957c0000,0x9623ed80,0x96240000)
  to   space 15872K, 0% used [0x9a440000,0x9a440000,0x9b3c0000)
 ParOldGen       total 42496K, used 19890K [0x67000000, 0x69980000, 0x91ac0000)
  object space 42496K, 46% used [0x67000000,0x6836c990,0x69980000)
 Metaspace       used 3974K, capacity 4006K, committed 4120K, reserved 4400K
Event: 6.866 GC heap after
Heap after GC invocations=8 (full 0):
 PSYoungGen      total 135936K, used 15865K [0x91ac0000, 0x9bd40000, 0xa7000000)
  eden space 120064K, 0% used [0x91ac0000,0x91ac0000,0x99000000)
  from space 15872K, 99% used [0x9a440000,0x9b3be7b0,0x9b3c0000)
  to   space 20736K, 0% used [0x99000000,0x99000000,0x9a440000)
 ParOldGen       total 42496K, used 24266K [0x67000000, 0x69980000, 0x91ac0000)
  object space 42496K, 57% used [0x67000000,0x687b2ba8,0x69980000)
 Metaspace       used 3974K, capacity 4006K, committed 4120K, reserved 4400K
}
Event: 8.929 GC heap before
{Heap before GC invocations=9 (full 0):
 PSYoungGen      total 135936K, used 135929K [0x91ac0000, 0x9bd40000, 0xa7000000)
  eden space 120064K, 100% used [0x91ac0000,0x99000000,0x99000000)
  from space 15872K, 99% used [0x9a440000,0x9b3be7b0,0x9b3c0000)
  to   space 20736K, 0% used [0x99000000,0x99000000,0x9a440000)
 ParOldGen       total 42496K, used 24266K [0x67000000, 0x69980000, 0x91ac0000)
  object space 42496K, 57% used [0x67000000,0x687b2ba8,0x69980000)
 Metaspace       used 4172K, capacity 4198K, committed 4248K, reserved 4400K

Deoptimization events (10 events):
Event: 6.966 Thread 0x6323c800 Uncommon trap: reason=unstable_if action=reinterpret pc=0xa76a3434 method=java.util.HashMap.putVal(ILjava/lang/Object;Ljava/lang/Object;ZZ)Ljava/lang/Object; @ 162
Event: 7.032 Thread 0x6323c800 Uncommon trap: reason=unstable_if action=reinterpret pc=0xa772e990 method=java.util.HashMap.getNode(ILjava/lang/Object;)Ljava/util/HashMap$Node; @ 84
Event: 7.073 Thread 0x6323c800 Uncommon trap: reason=unstable_if action=reinterpret pc=0xa7891de4 method=com.android.dx.ssa.SCCP.simulateStmt(Lcom/android/dx/ssa/SsaInsn;)V @ 53
Event: 7.076 Thread 0x6323c800 Uncommon trap: reason=unstable_if action=reinterpret pc=0xa772a5fc method=java.util.HashMap.getNode(ILjava/lang/Object;)Ljava/util/HashMap$Node; @ 84
Event: 7.929 Thread 0x63238400 Uncommon trap: reason=unstable_if action=reinterpret pc=0xa77f6320 method=java.util.HashMap.putVal(ILjava/lang/Object;Ljava/lang/Object;ZZ)Ljava/lang/Object; @ 109
Event: 7.945 Thread 0x63238400 Uncommon trap: reason=bimorphic action=maybe_recompile pc=0xa79daea8 method=com.android.dx.cf.code.BytecodeArray.parseInstruction(ILcom/android/dx/cf/code/BytecodeArray$Visitor;)I @ 971
Event: 7.945 Thread 0x63238400 Uncommon trap: reason=bimorphic action=maybe_recompile pc=0xa79daea8 method=com.android.dx.cf.code.BytecodeArray.parseInstruction(ILcom/android/dx/cf/code/BytecodeArray$Visitor;)I @ 971
Event: 8.636 Thread 0x63234000 Uncommon trap: reason=bimorphic action=maybe_recompile pc=0xa79db350 method=com.android.dx.cf.code.BytecodeArray.parseInstruction(ILcom/android/dx/cf/code/BytecodeArray$Visitor;)I @ 1161
Event: 8.636 Thread 0x63234000 Uncommon trap: reason=bimorphic action=maybe_recompile pc=0xa79db0dc method=com.android.dx.cf.code.BytecodeArray.parseInstruction(ILcom/android/dx/cf/code/BytecodeArray$Visitor;)I @ 1035
Event: 8.636 Thread 0x63234000 Uncommon trap: reason=bimorphic action=maybe_recompile pc=0xa79daea8 method=com.android.dx.cf.code.BytecodeArray.parseInstruction(ILcom/android/dx/cf/code/BytecodeArray$Visitor;)I @ 971

Internal exceptions (6 events):
Event: 0.257 Thread 0xb6507800 Exception <a 'java/lang/NoSuchMethodError': Method sun.misc.Unsafe.defineClass(Ljava/lang/String;[BII)Ljava/lang/Class; name or signature does not match> (0x91ac6ea0) thrown at [/HUDSON/workspace/8-2-build-linux-i586/jdk8u101/7261/hotspot/src/share/vm/pri
Event: 0.257 Thread 0xb6507800 Exception <a 'java/lang/NoSuchMethodError': Method sun.misc.Unsafe.prefetchRead(Ljava/lang/Object;J)V name or signature does not match> (0x91ac7170) thrown at [/HUDSON/workspace/8-2-build-linux-i586/jdk8u101/7261/hotspot/src/share/vm/prims/jni.cpp, line 4
Event: 4.956 Thread 0xb6507800 Implicit null exception at 0xa77ac87e to 0xa77aea05
Event: 6.997 Thread 0x6323c800 Exception <a 'java/lang/ArrayIndexOutOfBoundsException': 18> (0x91f7d390) thrown at [/HUDSON/workspace/8-2-build-linux-i586/jdk8u101/7261/hotspot/src/share/vm/interpreter/interpreterRuntime.cpp, line 366]
Event: 7.001 Thread 0x6323c800 Exception <a 'java/lang/ArrayIndexOutOfBoundsException': 145> (0x91f7ec30) thrown at [/HUDSON/workspace/8-2-build-linux-i586/jdk8u101/7261/hotspot/src/share/vm/interpreter/interpreterRuntime.cpp, line 366]
Event: 7.020 Thread 0x6323c800 Exception <a 'java/lang/ArrayIndexOutOfBoundsException': 40> (0x91f7fd10) thrown at [/HUDSON/workspace/8-2-build-linux-i586/jdk8u101/7261/hotspot/src/share/vm/interpreter/interpreterRuntime.cpp, line 366]

Events (10 events):
Event: 8.636 Thread 0x63234000 Uncommon trap: trap_request=0xffffffc6 fr.pc=0xa79db350
Event: 8.636 Thread 0x63234000 DEOPT PACKING pc=0xa79db350 sp=0x631ad520
Event: 8.636 Thread 0x63234000 DEOPT UNPACKING pc=0xa74ece55 sp=0x631ad534 mode 2
Event: 8.636 Thread 0x63234000 Uncommon trap: trap_request=0xffffffc6 fr.pc=0xa79db0dc
Event: 8.636 Thread 0x63234000 DEOPT PACKING pc=0xa79db0dc sp=0x631ad520
Event: 8.636 Thread 0x63234000 DEOPT UNPACKING pc=0xa74ece55 sp=0x631ad534 mode 2
Event: 8.636 Thread 0x63234000 Uncommon trap: trap_request=0xffffffc6 fr.pc=0xa79daea8
Event: 8.636 Thread 0x63234000 DEOPT PACKING pc=0xa79daea8 sp=0x631ad520
Event: 8.636 Thread 0x63234000 DEOPT UNPACKING pc=0xa74ece55 sp=0x631ad534 mode 2
Event: 8.784 Executing VM operation: ParallelGCFailedAllocation


Dynamic libraries:
08048000-08049000 r-xp 00000000 08:05 739177     /usr/lib/jvm/jdk1.8.0_101/bin/java
08049000-0804a000 rw-p 00000000 08:05 739177     /usr/lib/jvm/jdk1.8.0_101/bin/java
08494000-08562000 rw-p 00000000 00:00 0          [heap]
62200000-622fb000 rw-p 00000000 00:00 0 
622fb000-62300000 ---p 00000000 00:00 0 
62300000-62332000 rw-p 00000000 00:00 0 
62332000-62400000 ---p 00000000 00:00 0 
62400000-624f0000 rw-p 00000000 00:00 0 
624f0000-62500000 ---p 00000000 00:00 0 
62500000-625fa000 rw-p 00000000 00:00 0 
625fa000-62600000 ---p 00000000 00:00 0 
62600000-626d5000 rw-p 00000000 00:00 0 
626d5000-62700000 ---p 00000000 00:00 0 
62700000-627fd000 rw-p 00000000 00:00 0 
627fd000-62800000 ---p 00000000 00:00 0 
62800000-62900000 rw-p 00000000 00:00 0 
62900000-629fa000 rw-p 00000000 00:00 0 
629fa000-62a00000 ---p 00000000 00:00 0 
62a00000-62af2000 rw-p 00000000 00:00 0 
62af2000-62b00000 ---p 00000000 00:00 0 
62b00000-62c00000 rw-p 00000000 00:00 0 
62c00000-62d00000 rw-p 00000000 00:00 0 
62d00000-62de7000 rw-p 00000000 00:00 0 
62de7000-62e00000 ---p 00000000 00:00 0 
62e00000-62ee0000 rw-p 00000000 00:00 0 
62ee0000-62f00000 ---p 00000000 00:00 0 
62faf000-62fb2000 ---p 00000000 00:00 0 
62fb2000-63000000 rw-p 00000000 00:00 0 
63000000-630f9000 rw-p 00000000 00:00 0 
630f9000-63100000 ---p 00000000 00:00 0 
6310d000-63110000 ---p 00000000 00:00 0 
63110000-6315e000 rw-p 00000000 00:00 0 
6315e000-63161000 ---p 00000000 00:00 0 
63161000-631af000 rw-p 00000000 00:00 0 
631af000-631b2000 ---p 00000000 00:00 0 
631b2000-63200000 rw-p 00000000 00:00 0 
63200000-63287000 rw-p 00000000 00:00 0 
63287000-63300000 ---p 00000000 00:00 0 
63309000-6330c000 ---p 00000000 00:00 0 
6330c000-6335a000 rw-p 00000000 00:00 0 
6335a000-6335b000 ---p 00000000 00:00 0 
6335b000-633db000 rw-p 00000000 00:00 0 
633db000-633de000 ---p 00000000 00:00 0 
633de000-6342c000 rw-p 00000000 00:00 0 
6342c000-6342f000 ---p 00000000 00:00 0 
6342f000-634ad000 rw-p 00000000 00:00 0 
634ad000-634b0000 ---p 00000000 00:00 0 
634b0000-6352e000 rw-p 00000000 00:00 0 
6352e000-63531000 ---p 00000000 00:00 0 
63531000-635af000 rw-p 00000000 00:00 0 
635af000-635b2000 ---p 00000000 00:00 0 
635b2000-63600000 rw-p 00000000 00:00 0 
63600000-63800000 r--p 00000000 08:05 2761272    /usr/lib/locale/locale-archive
63800000-638fc000 rw-p 00000000 00:00 0 
638fc000-63900000 ---p 00000000 00:00 0 
63900000-63921000 rw-p 00000000 00:00 0 
63921000-63a00000 ---p 00000000 00:00 0 
63a00000-63aff000 rw-p 00000000 00:00 0 
63aff000-63b00000 ---p 00000000 00:00 0 
63b09000-63b0c000 ---p 00000000 00:00 0 
63b0c000-63b5a000 rw-p 00000000 00:00 0 
63b5a000-63b5b000 ---p 00000000 00:00 0 
63b5b000-63bdb000 rw-p 00000000 00:00 0 
63bdb000-63db4000 r--s 03d29000 08:05 739523     /usr/lib/jvm/jdk1.8.0_101/jre/lib/rt.jar
63db4000-641da000 rw-p 00000000 00:00 0 
641da000-64200000 ---p 00000000 00:00 0 
64200000-66600000 rw-p 00000000 00:00 0 
66600000-666fc000 rw-p 00000000 00:00 0 
666fc000-66700000 ---p 00000000 00:00 0 
6672e000-66731000 ---p 00000000 00:00 0 
66731000-6677f000 rw-p 00000000 00:00 0 
6677f000-66780000 ---p 00000000 00:00 0 
66780000-66800000 rw-p 00000000 00:00 0 
66800000-668fd000 rw-p 00000000 00:00 0 
668fd000-66900000 ---p 00000000 00:00 0 
66900000-66921000 rw-p 00000000 00:00 0 
66921000-66a00000 ---p 00000000 00:00 0 
66a24000-66a7f000 rw-p 00000000 00:00 0 
66a7f000-66a80000 ---p 00000000 00:00 0 
66a80000-66b00000 rw-p 00000000 00:00 0 
66b00000-66b21000 rw-p 00000000 00:00 0 
66b21000-66c00000 ---p 00000000 00:00 0 
66c12000-66c28000 r--s 000f1000 08:05 1004850    /home/hsrish/AndroidStudioProjects/IOT/app/build/intermediates/exploded-aar/com.android.support/support-v4/23.4.0/jars/classes.jar
66c28000-66c29000 ---p 00000000 00:00 0 
66c29000-66cbe000 rw-p 00000000 00:00 0 
66cbe000-66dff000 ---p 00000000 00:00 0 
66dff000-66e14000 rw-p 00000000 00:00 0 
66e14000-66f54000 ---p 00000000 00:00 0 
66f54000-66fa6000 rw-p 00000000 00:00 0 
66fa6000-66fff000 ---p 00000000 00:00 0 
66fff000-69980000 rw-p 00000000 00:00 0 
69980000-91ac0000 ---p 00000000 00:00 0 
91ac0000-9bd40000 rw-p 00000000 00:00 0 
a0f80000-a7000000 ---p 00000000 00:00 0 
a700a000-a7071000 rw-p 00000000 00:00 0 
a7071000-a7072000 ---p 00000000 00:00 0 
a7072000-a7109000 rw-p 00000000 00:00 0 
a7109000-a74b2000 ---p 00000000 00:00 0 
a74b2000-a7a5a000 rwxp 00000000 00:00 0 
a7a5a000-b64b2000 ---p 00000000 00:00 0 
b64b2000-b64cb000 r-xp 00000000 08:05 739476     /usr/lib/jvm/jdk1.8.0_101/jre/lib/i386/libzip.so
b64cb000-b64cc000 rw-p 00019000 08:05 739476     /usr/lib/jvm/jdk1.8.0_101/jre/lib/i386/libzip.so
b64cc000-b64d6000 r-xp 00000000 08:05 1058765    /lib/i386-linux-gnu/libnss_files-2.19.so
b64d6000-b64d7000 r--p 00009000 08:05 1058765    /lib/i386-linux-gnu/libnss_files-2.19.so
b64d7000-b64d8000 rw-p 0000a000 08:05 1058765    /lib/i386-linux-gnu/libnss_files-2.19.so
b64d8000-b64e2000 r-xp 00000000 08:05 1058737    /lib/i386-linux-gnu/libnss_nis-2.19.so
b64e2000-b64e3000 r--p 00009000 08:05 1058737    /lib/i386-linux-gnu/libnss_nis-2.19.so
b64e3000-b64e4000 rw-p 0000a000 08:05 1058737    /lib/i386-linux-gnu/libnss_nis-2.19.so
b64e9000-b64f8000 r--s 000df000 08:05 564940     /home/hsrish/Android/Sdk/build-tools/23.0.3/lib/dx.jar
b64f8000-b6500000 rw-s 00000000 08:05 826412     /tmp/hsperfdata_hsrish/12041
b6500000-b65fb000 rw-p 00000000 00:00 0 
b65fb000-b6600000 ---p 00000000 00:00 0 
b6600000-b6615000 r-xp 00000000 08:05 1057246    /lib/i386-linux-gnu/libnsl-2.19.so
b6615000-b6616000 r--p 00015000 08:05 1057246    /lib/i386-linux-gnu/libnsl-2.19.so
b6616000-b6617000 rw-p 00016000 08:05 1057246    /lib/i386-linux-gnu/libnsl-2.19.so
b6617000-b6619000 rw-p 00000000 00:00 0 
b6619000-b663d000 r-xp 00000000 08:05 739471     /usr/lib/jvm/jdk1.8.0_101/jre/lib/i386/libjava.so
b663d000-b663e000 rw-p 00023000 08:05 739471     /usr/lib/jvm/jdk1.8.0_101/jre/lib/i386/libjava.so
b663e000-b6645000 r-xp 00000000 08:05 1058757    /lib/i386-linux-gnu/librt-2.19.so
b6645000-b6646000 r--p 00006000 08:05 1058757    /lib/i386-linux-gnu/librt-2.19.so
b6646000-b6647000 rw-p 00007000 08:05 1058757    /lib/i386-linux-gnu/librt-2.19.so
b6647000-b664a000 ---p 00000000 00:00 0 
b664a000-b6698000 rw-p 00000000 00:00 0 
b6698000-b66dc000 r-xp 00000000 08:05 1049798    /lib/i386-linux-gnu/libm-2.19.so
b66dc000-b66dd000 r--p 00043000 08:05 1049798    /lib/i386-linux-gnu/libm-2.19.so
b66dd000-b66de000 rw-p 00044000 08:05 1049798    /lib/i386-linux-gnu/libm-2.19.so
b66de000-b7067000 r-xp 00000000 08:05 739456     /usr/lib/jvm/jdk1.8.0_101/jre/lib/i386/server/libjvm.so
b7067000-b70d4000 rw-p 00989000 08:05 739456     /usr/lib/jvm/jdk1.8.0_101/jre/lib/i386/server/libjvm.so
b70d4000-b74fd000 rw-p 00000000 00:00 0 
b74fd000-b76a5000 r-xp 00000000 08:05 1058759    /lib/i386-linux-gnu/libc-2.19.so
b76a5000-b76a6000 ---p 001a8000 08:05 1058759    /lib/i386-linux-gnu/libc-2.19.so
b76a6000-b76a8000 r--p 001a8000 08:05 1058759    /lib/i386-linux-gnu/libc-2.19.so
b76a8000-b76a9000 rw-p 001aa000 08:05 1058759    /lib/i386-linux-gnu/libc-2.19.so
b76a9000-b76ac000 rw-p 00000000 00:00 0 
b76ac000-b76af000 r-xp 00000000 08:05 1057220    /lib/i386-linux-gnu/libdl-2.19.so
b76af000-b76b0000 r--p 00002000 08:05 1057220    /lib/i386-linux-gnu/libdl-2.19.so
b76b0000-b76b1000 rw-p 00003000 08:05 1057220    /lib/i386-linux-gnu/libdl-2.19.so
b76b1000-b76c5000 r-xp 00000000 08:05 674753     /usr/lib/jvm/jdk1.8.0_101/lib/i386/jli/libjli.so
b76c5000-b76c6000 rw-p 00014000 08:05 674753     /usr/lib/jvm/jdk1.8.0_101/lib/i386/jli/libjli.so
b76c6000-b76c7000 rw-p 00000000 00:00 0 
b76c7000-b76df000 r-xp 00000000 08:05 1057247    /lib/i386-linux-gnu/libpthread-2.19.so
b76df000-b76e0000 r--p 00018000 08:05 1057247    /lib/i386-linux-gnu/libpthread-2.19.so
b76e0000-b76e1000 rw-p 00019000 08:05 1057247    /lib/i386-linux-gnu/libpthread-2.19.so
b76e1000-b76e3000 rw-p 00000000 00:00 0 
b76e7000-b76e8000 r--p 00850000 08:05 2761272    /usr/lib/locale/locale-archive
b76e8000-b76ef000 r-xp 00000000 08:05 1057224    /lib/i386-linux-gnu/libnss_compat-2.19.so
b76ef000-b76f0000 r--p 00006000 08:05 1057224    /lib/i386-linux-gnu/libnss_compat-2.19.so
b76f0000-b76f1000 rw-p 00007000 08:05 1057224    /lib/i386-linux-gnu/libnss_compat-2.19.so
b76f1000-b76f2000 rw-p 00000000 00:00 0 
b76f2000-b76f3000 ---p 00000000 00:00 0 
b76f3000-b76fe000 r-xp 00000000 08:05 739422     /usr/lib/jvm/jdk1.8.0_101/jre/lib/i386/libverify.so
b76fe000-b76ff000 rw-p 0000b000 08:05 739422     /usr/lib/jvm/jdk1.8.0_101/jre/lib/i386/libverify.so
b76ff000-b7701000 rw-p 00000000 00:00 0 
b7701000-b7703000 r--p 00000000 00:00 0          [vvar]
b7703000-b7705000 r-xp 00000000 00:00 0          [vdso]
b7705000-b7725000 r-xp 00000000 08:05 1058701    /lib/i386-linux-gnu/ld-2.19.so
b7725000-b7726000 r--p 0001f000 08:05 1058701    /lib/i386-linux-gnu/ld-2.19.so
b7726000-b7727000 rw-p 00020000 08:05 1058701    /lib/i386-linux-gnu/ld-2.19.so
bfd95000-bfd96000 rwxp 00000000 00:00 0 
bfdc8000-bfde9000 rw-p 00000000 00:00 0          [stack]

VM Arguments:
jvm_args: -Djava.awt.headless=true -Xmx1024M -Dfile.encoding=UTF-8 -Duser.country=IN -Duser.language=en -Duser.variant 
java_command: com.android.dx.command.Main --dex --force-jumbo --num-threads=4 --output /home/hsrish/AndroidStudioProjects/IOT/app/build/intermediates/pre-dexed/debug/com.android.support-support-v4-23.4.0_4281295ce9912a74b684496b8e7dac3e8c10dd20.jar /home/hsrish/AndroidStudioProjects/IOT/app/build/intermediates/exploded-aar/com.android.support/support-v4/23.4.0/jars/classes.jar
java_class_path (initial): /home/hsrish/Android/Sdk/build-tools/23.0.3/lib/dx.jar
Launcher Type: SUN_STANDARD

Environment Variables:
PATH=/usr/local/heroku/bin:/usr/local/sbin:/usr/local/bin:/usr/sbin:/usr/bin:/sbin:/bin:/usr/games:/usr/local/games
LD_LIBRARY_PATH=.:
SHELL=/bin/bash
DISPLAY=:0

Signal Handlers:
SIGSEGV: [libjvm.so+0x8d4e30], sa_mask[0]=11111111011111111101111111111110, sa_flags=SA_RESTART|SA_SIGINFO
SIGBUS: [libjvm.so+0x8d4e30], sa_mask[0]=11111111011111111101111111111110, sa_flags=SA_RESTART|SA_SIGINFO
SIGFPE: [libjvm.so+0x753000], sa_mask[0]=11111111011111111101111111111110, sa_flags=SA_RESTART|SA_SIGINFO
SIGPIPE: [libjvm.so+0x753000], sa_mask[0]=11111111011111111101111111111110, sa_flags=SA_RESTART|SA_SIGINFO
SIGXFSZ: [libjvm.so+0x753000], sa_mask[0]=11111111011111111101111111111110, sa_flags=SA_RESTART|SA_SIGINFO
SIGILL: [libjvm.so+0x753000], sa_mask[0]=11111111011111111101111111111110, sa_flags=SA_RESTART|SA_SIGINFO
SIGUSR1: SIG_DFL, sa_mask[0]=00000000000000000000000000000000, sa_flags=none
SIGUSR2: [libjvm.so+0x754680], sa_mask[0]=00100000000000000000000000000000, sa_flags=SA_RESTART|SA_SIGINFO
SIGHUP: [libjvm.so+0x755b30], sa_mask[0]=11111111011111111101111111111110, sa_flags=SA_RESTART|SA_SIGINFO
SIGINT: [libjvm.so+0x755b30], sa_mask[0]=11111111011111111101111111111110, sa_flags=SA_RESTART|SA_SIGINFO
SIGTERM: [libjvm.so+0x755b30], sa_mask[0]=11111111011111111101111111111110, sa_flags=SA_RESTART|SA_SIGINFO
SIGQUIT: [libjvm.so+0x755b30], sa_mask[0]=11111111011111111101111111111110, sa_flags=SA_RESTART|SA_SIGINFO


---------------  S Y S T E M  ---------------

OS:DISTRIB_ID=Ubuntu
DISTRIB_RELEASE=14.04
DISTRIB_CODENAME=trusty
DISTRIB_DESCRIPTION="Ubuntu 14.04.5 LTS"

uname:Linux 3.19.0-66-generic #74~14.04.1-Ubuntu SMP Tue Jul 19 19:56:23 UTC 2016 i686
libc:glibc 2.19 NPTL 2.19 
rlimit: STACK 8192k, CORE 0k, NPROC 31018, NOFILE 4096, AS infinity
load average:8.22 6.01 3.66

/proc/meminfo:
MemTotal:        3998880 kB
MemFree:          208040 kB
MemAvailable:     141680 kB
Buffers:            1000 kB
Cached:           368496 kB
SwapCached:            0 kB
Active:          3317796 kB
Inactive:         358012 kB
Active(anon):    3311600 kB
Inactive(anon):   338284 kB
Active(file):       6196 kB
Inactive(file):    19728 kB
Unevictable:         212 kB
Mlocked:             212 kB
HighTotal:       3139972 kB
HighFree:          39384 kB
LowTotal:         858908 kB
LowFree:          168656 kB
SwapTotal:             0 kB
SwapFree:              0 kB
Dirty:               336 kB
Writeback:             0 kB
AnonPages:       3306668 kB
Mapped:            79012 kB
Shmem:            343428 kB
Slab:              57108 kB
SReclaimable:      27180 kB
SUnreclaim:        29928 kB
KernelStack:        7112 kB
PageTables:        30160 kB
NFS_Unstable:          0 kB
Bounce:                0 kB
WritebackTmp:          0 kB
CommitLimit:     1999440 kB
Committed_AS:    9633976 kB
VmallocTotal:     122880 kB
VmallocUsed:       19104 kB
VmallocChunk:     101896 kB
AnonHugePages:   1388544 kB
CmaTotal:              0 kB
CmaFree:               0 kB
HugePages_Total:       0
HugePages_Free:        0
HugePages_Rsvd:        0
HugePages_Surp:        0
Hugepagesize:       2048 kB
DirectMap4k:       61432 kB
DirectMap2M:      851968 kB


CPU:total 4 (2 cores per cpu, 2 threads per core) family 6 model 37 stepping 2, cmov, cx8, fxsr, mmx, sse, sse2, sse3, ssse3, sse4.1, sse4.2, popcnt, aes, clmul, ht, tsc, tscinvbit

/proc/cpuinfo:
processor	: 0
vendor_id	: GenuineIntel
cpu family	: 6
model		: 37
model name	: Intel(R) Core(TM) i5 CPU       M 520  @ 2.40GHz
stepping	: 2
microcode	: 0x9
cpu MHz		: 2400.000
cache size	: 3072 KB
physical id	: 0
siblings	: 4
core id		: 0
cpu cores	: 2
apicid		: 0
initial apicid	: 0
fdiv_bug	: no
f00f_bug	: no
coma_bug	: no
fpu		: yes
fpu_exception	: yes
cpuid level	: 11
wp		: yes
flags		: fpu vme de pse tsc msr pae mce cx8 apic sep mtrr pge mca cmov pat pse36 clflush dts acpi mmx fxsr sse sse2 ss ht tm pbe nx rdtscp lm constant_tsc arch_perfmon pebs bts xtopology nonstop_tsc aperfmperf pni pclmulqdq dtes64 monitor ds_cpl vmx smx est tm2 ssse3 cx16 xtpr pdcm sse4_1 sse4_2 popcnt aes lahf_lm ida arat dtherm tpr_shadow vnmi flexpriority ept vpid
bugs		:
bogomips	: 4788.40
clflush size	: 64
cache_alignment	: 64
address sizes	: 36 bits physical, 48 bits virtual
power management:

processor	: 1
vendor_id	: GenuineIntel
cpu family	: 6
model		: 37
model name	: Intel(R) Core(TM) i5 CPU       M 520  @ 2.40GHz
stepping	: 2
microcode	: 0x9
cpu MHz		: 2400.000
cache size	: 3072 KB
physical id	: 0
siblings	: 4
core id		: 2
cpu cores	: 2
apicid		: 4
initial apicid	: 4
fdiv_bug	: no
f00f_bug	: no
coma_bug	: no
fpu		: yes
fpu_exception	: yes
cpuid level	: 11
wp		: yes
flags		: fpu vme de pse tsc msr pae mce cx8 apic sep mtrr pge mca cmov pat pse36 clflush dts acpi mmx fxsr sse sse2 ss ht tm pbe nx rdtscp lm constant_tsc arch_perfmon pebs bts xtopology nonstop_tsc aperfmperf pni pclmulqdq dtes64 monitor ds_cpl vmx smx est tm2 ssse3 cx16 xtpr pdcm sse4_1 sse4_2 popcnt aes lahf_lm ida arat dtherm tpr_shadow vnmi flexpriority ept vpid
bugs		:
bogomips	: 4788.40
clflush size	: 64
cache_alignment	: 64
address sizes	: 36 bits physical, 48 bits virtual
power management:

processor	: 2
vendor_id	: GenuineIntel
cpu family	: 6
model		: 37
model name	: Intel(R) Core(TM) i5 CPU       M 520  @ 2.40GHz
stepping	: 2
microcode	: 0x9
cpu MHz		: 1333.000
cache size	: 3072 KB
physical id	: 0
siblings	: 4
core id		: 0
cpu cores	: 2
apicid		: 1
initial apicid	: 1
fdiv_bug	: no
f00f_bug	: no
coma_bug	: no
fpu		: yes
fpu_exception	: yes
cpuid level	: 11
wp		: yes
flags		: fpu vme de pse tsc msr pae mce cx8 apic sep mtrr pge mca cmov pat pse36 clflush dts acpi mmx fxsr sse sse2 ss ht tm pbe nx rdtscp lm constant_tsc arch_perfmon pebs bts xtopology nonstop_tsc aperfmperf pni pclmulqdq dtes64 monitor ds_cpl vmx smx est tm2 ssse3 cx16 xtpr pdcm sse4_1 sse4_2 popcnt aes lahf_lm ida arat dtherm tpr_shadow vnmi flexpriority ept vpid
bugs		:
bogomips	: 4788.40
clflush size	: 64
cache_alignment	: 64
address sizes	: 36 bits physical, 48 bits virtual
power management:

processor	: 3
vendor_id	: GenuineIntel
cpu family	: 6
model		: 37
model name	: Intel(R) Core(TM) i5 CPU       M 520  @ 2.40GHz
stepping	: 2
microcode	: 0x9
cpu MHz		: 2400.000
cache size	: 3072 KB
physical id	: 0
siblings	: 4
core id		: 2
cpu cores	: 2
apicid		: 5
initial apicid	: 5
fdiv_bug	: no
f00f_bug	: no
coma_bug	: no
fpu		: yes
fpu_exception	: yes
cpuid level	: 11
wp		: yes
flags		: fpu vme de pse tsc msr pae mce cx8 apic sep mtrr pge mca cmov pat pse36 clflush dts acpi mmx fxsr sse sse2 ss ht tm pbe nx rdtscp lm constant_tsc arch_perfmon pebs bts xtopology nonstop_tsc aperfmperf pni pclmulqdq dtes64 monitor ds_cpl vmx smx est tm2 ssse3 cx16 xtpr pdcm sse4_1 sse4_2 popcnt aes lahf_lm ida arat dtherm tpr_shadow vnmi flexpriority ept vpid
bugs		:
bogomips	: 4788.40
clflush size	: 64
cache_alignment	: 64
address sizes	: 36 bits physical, 48 bits virtual
power management:



Memory: 4k page, physical 3998880k(208040k free), swap 0k(0k free)

vm_info: Java HotSpot(TM) Server VM (25.101-b13) for linux-x86 JRE (1.8.0_101-b13), built on Jun 22 2016 02:31:35 by "java_re" with gcc 4.3.0 20080428 (Red Hat 4.3.0-8)

time: Tue Oct 25 04:09:15 2016
elapsed time: 21 seconds (0d 0h 0m 21s)

