#
# There is insufficient memory for the Java Runtime Environment to continue.
# Native memory allocation (mmap) failed to map 32768 bytes for committing reserved memory.
# Possible reasons:
#   The system is out of physical RAM or swap space
#   In 32 bit mode, the process size limit was hit
# Possible solutions:
#   Reduce memory load on the system
#   Increase physical memory or swap space
#   Check if swap backing store is full
#   Use 64 bit Java on a 64 bit OS
#   Decrease Java heap size (-Xmx/-Xms)
#   Decrease number of Java threads
#   Decrease Java thread stack sizes (-Xss)
#   Set larger code cache with -XX:ReservedCodeCacheSize=
# This output file may be truncated or incomplete.
#
#  Out of Memory Error (os_linux.cpp:2627), pid=11250, tid=0x634fdb40
#
# JRE version: Java(TM) SE Runtime Environment (8.0_101-b13) (build 1.8.0_101-b13)
# Java VM: Java HotSpot(TM) Server VM (25.101-b13 mixed mode linux-x86 )
# Failed to write core dump. Core dumps have been disabled. To enable core dumping, try "ulimit -c unlimited" before starting Java again
#

---------------  T H R E A D  ---------------

Current thread (0x63ba7c00):  JavaThread "C1 CompilerThread2" daemon [_thread_in_vm, id=11283, stack(0x6347d000,0x634fe000)]

Stack: [0x6347d000,0x634fe000],  sp=0x634fc620,  free space=509k
Native frames: (J=compiled Java code, j=interpreted, Vv=VM code, C=native code)
V  [libjvm.so+0x8d431f]  VMError::report_and_die()+0x16f
V  [libjvm.so+0x38ddb5]  report_vm_out_of_memory(char const*, int, unsigned int, VMErrorType, char const*)+0x55
V  [libjvm.so+0x756326]  os::Linux::commit_memory_impl(char*, unsigned int, bool)+0xe6
V  [libjvm.so+0x7567f8]  os::pd_commit_memory(char*, unsigned int, unsigned int, bool)+0x28
V  [libjvm.so+0x75071c]  os::commit_memory(char*, unsigned int, unsigned int, bool)+0x2c
V  [libjvm.so+0x8d03bc]  VirtualSpace::expand_by(unsigned int, bool)+0x1ec
V  [libjvm.so+0x4a4535]  CodeHeap::expand_by(unsigned int)+0x65
V  [libjvm.so+0x31f612]  CodeCache::allocate(int, bool)+0x72
V  [libjvm.so+0x7296fe]  nmethod::new_nmethod(methodHandle, int, int, CodeOffsets*, int, DebugInformationRecorder*, Dependencies*, CodeBuffer*, int, OopMapSet*, ExceptionHandlerTable*, ImplicitExceptionTable*, AbstractCompiler*, int)+0x1ae
V  [libjvm.so+0x2b638b]  ciEnv::register_method(ciMethod*, int, CodeOffsets*, int, CodeBuffer*, int, OopMapSet*, ExceptionHandlerTable*, ImplicitExceptionTable*, AbstractCompiler*, int, bool, bool, RTMState)+0x37b
V  [libjvm.so+0x20c000]  Compilation::install_code(int)+0xa0
V  [libjvm.so+0x20d3c1]  Compilation::compile_method()+0xc1
V  [libjvm.so+0x20d637]  Compilation::Compilation(AbstractCompiler*, ciEnv*, ciMethod*, int, BufferBlob*)+0x207
V  [libjvm.so+0x20e3fb]  Compiler::compile_method(ciEnv*, ciMethod*, int)+0x7b
V  [libjvm.so+0x349a61]  CompileBroker::invoke_compiler_on_method(CompileTask*)+0xda1
V  [libjvm.so+0x34a877]  CompileBroker::compiler_thread_loop()+0x567
V  [libjvm.so+0x87d608]  compiler_thread_entry(JavaThread*, Thread*)+0x18
V  [libjvm.so+0x887bc9]  JavaThread::thread_main_inner()+0x109
V  [libjvm.so+0x887d4b]  JavaThread::run()+0x14b
V  [libjvm.so+0x758969]  java_start(Thread*)+0x119
C  [libpthread.so.0+0x6f72]  start_thread+0xd2
C  [libc.so.6+0xebf8e]  clone+0x5e


Current CompileTask:
C1:  28463 1515       3       com.android.dx.dex.file.MemberIdItem::writeTo (231 bytes)


---------------  P R O C E S S  ---------------

Java Threads: ( => current thread )
  0x63baac00 JavaThread "Service Thread" daemon [_thread_blocked, id=11284, stack(0x6342c000,0x6347d000)]
=>0x63ba7c00 JavaThread "C1 CompilerThread2" daemon [_thread_in_vm, id=11283, stack(0x6347d000,0x634fe000)]
  0x63ba6400 JavaThread "C2 CompilerThread1" daemon [_thread_in_vm, id=11281, stack(0x634fe000,0x6357f000)]
  0x63ba4400 JavaThread "C2 CompilerThread0" daemon [_thread_in_vm, id=11278, stack(0x6357f000,0x63600000)]
  0x63ba2c00 JavaThread "Signal Dispatcher" daemon [_thread_blocked, id=11276, stack(0x63a0d000,0x63a5e000)]
  0x63b88c00 JavaThread "Finalizer" daemon [_thread_blocked, id=11274, stack(0x63a5e000,0x63aaf000)]
  0x63b85c00 JavaThread "Reference Handler" daemon [_thread_blocked, id=11272, stack(0x63aaf000,0x63b00000)]
  0xb6507800 JavaThread "main" [_thread_blocked, id=11254, stack(0xb66cc000,0xb671d000)]

Other Threads:
  0x63b81400 VMThread [stack: 0x63c0b000,0x63c8c000] [id=11269]
  0x63bae000 WatcherThread [stack: 0x633ab000,0x6342c000] [id=11285]

VM state:not at safepoint (normal execution)

VM Mutex/Monitor currently owned by a thread:  ([mutex/lock_event])
[0xb6504460] CodeCache_lock - owner thread: 0x63ba7c00
[0xb65056a8] Compile_lock - owner thread: 0x63ba7c00
[0xb6505778] MethodCompileQueue_lock - owner thread: 0x63ba7c00

Heap:
 PSYoungGen      total 18432K, used 14294K [0x91ac0000, 0x93ec0000, 0xa7000000)
  eden space 15872K, 73% used [0x91ac0000,0x92636a20,0x92a40000)
  from space 2560K, 99% used [0x92a40000,0x92cbf000,0x92cc0000)
  to   space 2560K, 0% used [0x93c40000,0x93c40000,0x93ec0000)
 ParOldGen       total 42496K, used 10738K [0x67000000, 0x69980000, 0x91ac0000)
  object space 42496K, 25% used [0x67000000,0x67a7c8f0,0x69980000)
 Metaspace       used 3965K, capacity 4006K, committed 4120K, reserved 4400K

Card table byte_map: [0x66dff000,0x67000000] byte_map_base: 0x66ac7000

Marking Bits: (ParMarkBitMap*) 0xb716c8e0
 Begin Bits: [0x64700000, 0x65700000)
 End Bits:   [0x65700000, 0x66700000)

Polling page: 0xb7777000

CodeCache: size=245760Kb used=3924Kb max_used=3924Kb free=241835Kb
 bounds [0xa7500000, 0xa78d8000, 0xb6500000]
 total_blobs=1549 nmethods=1388 adapters=74
 compilation: enabled

Compilation events (10 events):
Event: 12.300 Thread 0x63ba7c00 nmethod 1503 0xa78d5208 code [0xa78d5340, 0xa78d5558]
Event: 12.300 Thread 0x63ba7c00 1504       3       com.android.dx.dex.file.Section::getAbsoluteOffset (38 bytes)
Event: 12.300 Thread 0x63ba7c00 nmethod 1504 0xa78d5648 code [0xa78d57a0, 0xa78d59f8]
Event: 12.300 Thread 0x63ba7c00 1510       3       com.android.dx.dex.file.FieldIdItem::getFieldRef (8 bytes)
Event: 12.300 Thread 0x63ba7c00 nmethod 1510 0xa78d5b08 code [0xa78d5c20, 0xa78d5e20]
Event: 12.300 Thread 0x63ba7c00 1509       3       com.android.dx.dex.file.StringIdsSection::indexOf (49 bytes)
Event: 12.301 Thread 0x63ba7c00 nmethod 1509 0xa78d5e88 code [0xa78d6060, 0xa78d677c]
Event: 12.301 Thread 0x63ba7c00 1514       3       com.android.dx.dex.file.TypeIdsSection::indexOf (23 bytes)
Event: 12.301 Thread 0x63ba7c00 nmethod 1514 0xa78d6b08 code [0xa78d6c40, 0xa78d6ed8]
Event: 12.301 Thread 0x63ba7c00 1515       3       com.android.dx.dex.file.MemberIdItem::writeTo (231 bytes)

GC Heap History (6 events):
Event: 2.743 GC heap before
{Heap before GC invocations=1 (full 0):
 PSYoungGen      total 18432K, used 15872K [0x91ac0000, 0x92f40000, 0xa7000000)
  eden space 15872K, 100% used [0x91ac0000,0x92a40000,0x92a40000)
  from space 2560K, 0% used [0x92cc0000,0x92cc0000,0x92f40000)
  to   space 2560K, 0% used [0x92a40000,0x92a40000,0x92cc0000)
 ParOldGen       total 42496K, used 0K [0x67000000, 0x69980000, 0x91ac0000)
  object space 42496K, 0% used [0x67000000,0x67000000,0x69980000)
 Metaspace       used 3581K, capacity 3614K, committed 3736K, reserved 4400K
Event: 2.755 GC heap after
Heap after GC invocations=1 (full 0):
 PSYoungGen      total 18432K, used 2549K [0x91ac0000, 0x92f40000, 0xa7000000)
  eden space 15872K, 0% used [0x91ac0000,0x91ac0000,0x92a40000)
  from space 2560K, 99% used [0x92a40000,0x92cbd6e8,0x92cc0000)
  to   space 2560K, 0% used [0x92cc0000,0x92cc0000,0x92f40000)
 ParOldGen       total 42496K, used 1456K [0x67000000, 0x69980000, 0x91ac0000)
  object space 42496K, 3% used [0x67000000,0x6716c1a8,0x69980000)
 Metaspace       used 3581K, capacity 3614K, committed 3736K, reserved 4400K
}
Event: 3.557 GC heap before
{Heap before GC invocations=2 (full 0):
 PSYoungGen      total 18432K, used 18421K [0x91ac0000, 0x92f40000, 0xa7000000)
  eden space 15872K, 100% used [0x91ac0000,0x92a40000,0x92a40000)
  from space 2560K, 99% used [0x92a40000,0x92cbd6e8,0x92cc0000)
  to   space 2560K, 0% used [0x92cc0000,0x92cc0000,0x92f40000)
 ParOldGen       total 42496K, used 1456K [0x67000000, 0x69980000, 0x91ac0000)
  object space 42496K, 3% used [0x67000000,0x6716c1a8,0x69980000)
 Metaspace       used 3644K, capacity 3678K, committed 3736K, reserved 4400K
Event: 3.612 GC heap after
Heap after GC invocations=2 (full 0):
 PSYoungGen      total 18432K, used 2548K [0x91ac0000, 0x93ec0000, 0xa7000000)
  eden space 15872K, 0% used [0x91ac0000,0x91ac0000,0x92a40000)
  from space 2560K, 99% used [0x92cc0000,0x92f3d388,0x92f40000)
  to   space 2560K, 0% used [0x92a40000,0x92a40000,0x92cc0000)
 ParOldGen       total 42496K, used 4475K [0x67000000, 0x69980000, 0x91ac0000)
  object space 42496K, 10% used [0x67000000,0x6745eca8,0x69980000)
 Metaspace       used 3644K, capacity 3678K, committed 3736K, reserved 4400K
}
Event: 6.269 GC heap before
{Heap before GC invocations=3 (full 0):
 PSYoungGen      total 18432K, used 18420K [0x91ac0000, 0x93ec0000, 0xa7000000)
  eden space 15872K, 100% used [0x91ac0000,0x92a40000,0x92a40000)
  from space 2560K, 99% used [0x92cc0000,0x92f3d388,0x92f40000)
  to   space 2560K, 0% used [0x92a40000,0x92a40000,0x92cc0000)
 ParOldGen       total 42496K, used 4475K [0x67000000, 0x69980000, 0x91ac0000)
  object space 42496K, 10% used [0x67000000,0x6745eca8,0x69980000)
 Metaspace       used 3709K, capacity 3742K, committed 3864K, reserved 4400K
Event: 6.427 GC heap after
Heap after GC invocations=3 (full 0):
 PSYoungGen      total 18432K, used 2556K [0x91ac0000, 0x93ec0000, 0xa7000000)
  eden space 15872K, 0% used [0x91ac0000,0x91ac0000,0x92a40000)
  from space 2560K, 99% used [0x92a40000,0x92cbf000,0x92cc0000)
  to   space 2560K, 0% used [0x93c40000,0x93c40000,0x93ec0000)
 ParOldGen       total 42496K, used 10738K [0x67000000, 0x69980000, 0x91ac0000)
  object space 42496K, 25% used [0x67000000,0x67a7c8f0,0x69980000)
 Metaspace       used 3709K, capacity 3742K, committed 3864K, reserved 4400K
}

Deoptimization events (10 events):
Event: 7.176 Thread 0xb6507800 Uncommon trap: reason=bimorphic action=maybe_recompile pc=0xa77aa540 method=java.util.HashMap.getNode(ILjava/lang/Object;)Ljava/util/HashMap$Node; @ 126
Event: 7.176 Thread 0xb6507800 Uncommon trap: reason=bimorphic action=maybe_recompile pc=0xa77aa540 method=java.util.HashMap.getNode(ILjava/lang/Object;)Ljava/util/HashMap$Node; @ 126
Event: 7.177 Thread 0xb6507800 Uncommon trap: reason=bimorphic action=maybe_recompile pc=0xa77a8968 method=java.util.HashMap.getNode(ILjava/lang/Object;)Ljava/util/HashMap$Node; @ 126
Event: 7.563 Thread 0xb6507800 Uncommon trap: reason=unstable_if action=reinterpret pc=0xa7893d78 method=com.android.dx.dex.code.OutputFinisher.findOpcodeForInsn(Lcom/android/dx/dex/code/DalvInsn;Lcom/android/dx/dex/code/Dop;)Lcom/android/dx/dex/code/Dop; @ 12
Event: 7.603 Thread 0xb6507800 Uncommon trap: reason=class_check action=maybe_recompile pc=0xa7836e48 method=java.util.Arrays.equals([Ljava/lang/Object;[Ljava/lang/Object;)Z @ 62
Event: 7.603 Thread 0xb6507800 Uncommon trap: reason=class_check action=maybe_recompile pc=0xa7836e48 method=java.util.Arrays.equals([Ljava/lang/Object;[Ljava/lang/Object;)Z @ 62
Event: 7.603 Thread 0xb6507800 Uncommon trap: reason=class_check action=maybe_recompile pc=0xa7836e48 method=java.util.Arrays.equals([Ljava/lang/Object;[Ljava/lang/Object;)Z @ 62
Event: 7.603 Thread 0xb6507800 Uncommon trap: reason=class_check action=maybe_recompile pc=0xa7836e48 method=java.util.Arrays.equals([Ljava/lang/Object;[Ljava/lang/Object;)Z @ 62
Event: 10.063 Thread 0xb6507800 Uncommon trap: reason=unstable_if action=reinterpret pc=0xa78c10a8 method=com.android.dx.util.ByteArrayAnnotatedOutput.writeByte(I)V @ 13
Event: 10.102 Thread 0xb6507800 Uncommon trap: reason=unstable_if action=reinterpret pc=0xa78cc630 method=com.android.dx.util.ByteArrayAnnotatedOutput.writeByte(I)V @ 13

Internal exceptions (2 events):
Event: 0.406 Thread 0xb6507800 Exception <a 'java/lang/NoSuchMethodError': Method sun.misc.Unsafe.defineClass(Ljava/lang/String;[BII)Ljava/lang/Class; name or signature does not match> (0x91ac6ea0) thrown at [/HUDSON/workspace/8-2-build-linux-i586/jdk8u101/7261/hotspot/src/share/vm/pri
Event: 0.407 Thread 0xb6507800 Exception <a 'java/lang/NoSuchMethodError': Method sun.misc.Unsafe.prefetchRead(Ljava/lang/Object;J)V name or signature does not match> (0x91ac7170) thrown at [/HUDSON/workspace/8-2-build-linux-i586/jdk8u101/7261/hotspot/src/share/vm/prims/jni.cpp, line 4

Events (10 events):
Event: 10.063 Thread 0xb6507800 Uncommon trap: trap_request=0xffffff65 fr.pc=0xa78c10a8
Event: 10.063 Thread 0xb6507800 DEOPT PACKING pc=0xa78c10a8 sp=0xb671bc50
Event: 10.063 Thread 0xb6507800 DEOPT UNPACKING pc=0xa753ae55 sp=0xb671bc4c mode 2
Event: 10.102 Thread 0xb6507800 Uncommon trap: trap_request=0xffffff65 fr.pc=0xa78cc630
Event: 10.102 Thread 0xb6507800 DEOPT PACKING pc=0xa78cc630 sp=0xb671bbd0
Event: 10.102 Thread 0xb6507800 DEOPT UNPACKING pc=0xa753ae55 sp=0xb671bbb0 mode 2
Event: 10.259 loading class com/android/dx/dex/file/AnnotationItem$1
Event: 10.259 loading class com/android/dx/dex/file/AnnotationItem$1 done
Event: 12.563 loading class java/security/MessageDigest
Event: 14.373 loading class java/security/MessageDigestSpi


Dynamic libraries:
08048000-08049000 r-xp 00000000 08:05 739177     /usr/lib/jvm/jdk1.8.0_101/bin/java
08049000-0804a000 rw-p 00000000 08:05 739177     /usr/lib/jvm/jdk1.8.0_101/bin/java
082ca000-0833c000 rw-p 00000000 00:00 0          [heap]
62300000-623e5000 rw-p 00000000 00:00 0 
623e5000-62400000 ---p 00000000 00:00 0 
62400000-62500000 rw-p 00000000 00:00 0 
62500000-625fd000 rw-p 00000000 00:00 0 
625fd000-62600000 ---p 00000000 00:00 0 
62600000-626fa000 rw-p 00000000 00:00 0 
626fa000-62700000 ---p 00000000 00:00 0 
62700000-627e6000 rw-p 00000000 00:00 0 
627e6000-62800000 ---p 00000000 00:00 0 
62800000-628e3000 rw-p 00000000 00:00 0 
628e3000-62900000 ---p 00000000 00:00 0 
62900000-629f9000 rw-p 00000000 00:00 0 
629f9000-62a00000 ---p 00000000 00:00 0 
62a00000-62afc000 rw-p 00000000 00:00 0 
62afc000-62b00000 ---p 00000000 00:00 0 
62b00000-62bfd000 rw-p 00000000 00:00 0 
62bfd000-62c00000 ---p 00000000 00:00 0 
62c00000-62cfc000 rw-p 00000000 00:00 0 
62cfc000-62d00000 ---p 00000000 00:00 0 
62e00000-62ef3000 rw-p 00000000 00:00 0 
62ef3000-62f00000 ---p 00000000 00:00 0 
62f00000-62ff9000 rw-p 00000000 00:00 0 
62ff9000-63000000 ---p 00000000 00:00 0 
63000000-63100000 rw-p 00000000 00:00 0 
6310d000-63110000 ---p 00000000 00:00 0 
63110000-6315e000 rw-p 00000000 00:00 0 
6315e000-63161000 ---p 00000000 00:00 0 
63161000-631af000 rw-p 00000000 00:00 0 
631af000-631b2000 ---p 00000000 00:00 0 
631b2000-63200000 rw-p 00000000 00:00 0 
63200000-6323f000 rw-p 00000000 00:00 0 
6323f000-63300000 ---p 00000000 00:00 0 
63309000-6330c000 ---p 00000000 00:00 0 
6330c000-6335a000 rw-p 00000000 00:00 0 
6335a000-6335d000 ---p 00000000 00:00 0 
6335d000-633ab000 rw-p 00000000 00:00 0 
633ab000-633ac000 ---p 00000000 00:00 0 
633ac000-6342c000 rw-p 00000000 00:00 0 
6342c000-6342f000 ---p 00000000 00:00 0 
6342f000-6347d000 rw-p 00000000 00:00 0 
6347d000-63480000 ---p 00000000 00:00 0 
63480000-634fe000 rw-p 00000000 00:00 0 
634fe000-63501000 ---p 00000000 00:00 0 
63501000-6357f000 rw-p 00000000 00:00 0 
6357f000-63582000 ---p 00000000 00:00 0 
63582000-63600000 rw-p 00000000 00:00 0 
63600000-63800000 r--p 00000000 08:05 2761272    /usr/lib/locale/locale-archive
63800000-63829000 rw-p 00000000 00:00 0 
63829000-63900000 ---p 00000000 00:00 0 
63900000-639ff000 rw-p 00000000 00:00 0 
639ff000-63a00000 ---p 00000000 00:00 0 
63a0d000-63a10000 ---p 00000000 00:00 0 
63a10000-63a5e000 rw-p 00000000 00:00 0 
63a5e000-63a61000 ---p 00000000 00:00 0 
63a61000-63aaf000 rw-p 00000000 00:00 0 
63aaf000-63ab2000 ---p 00000000 00:00 0 
63ab2000-63b00000 rw-p 00000000 00:00 0 
63b00000-63c00000 rw-p 00000000 00:00 0 
63c0b000-63c0c000 ---p 00000000 00:00 0 
63c0c000-63cdb000 rw-p 00000000 00:00 0 
63cdb000-63eb4000 r--s 03d29000 08:05 739523     /usr/lib/jvm/jdk1.8.0_101/jre/lib/rt.jar
63eb4000-642ba000 rw-p 00000000 00:00 0 
642ba000-64300000 ---p 00000000 00:00 0 
64300000-66700000 rw-p 00000000 00:00 0 
66700000-667ff000 rw-p 00000000 00:00 0 
667ff000-66800000 ---p 00000000 00:00 0 
66824000-6687f000 rw-p 00000000 00:00 0 
6687f000-66880000 ---p 00000000 00:00 0 
66880000-66900000 rw-p 00000000 00:00 0 
66900000-66921000 rw-p 00000000 00:00 0 
66921000-66a00000 ---p 00000000 00:00 0 
66a00000-66afa000 rw-p 00000000 00:00 0 
66afa000-66b00000 ---p 00000000 00:00 0 
66b00000-66b21000 rw-p 00000000 00:00 0 
66b21000-66c00000 ---p 00000000 00:00 0 
66c28000-66c29000 ---p 00000000 00:00 0 
66c29000-66cbe000 rw-p 00000000 00:00 0 
66cbe000-66dff000 ---p 00000000 00:00 0 
66dff000-66e14000 rw-p 00000000 00:00 0 
66e14000-66f54000 ---p 00000000 00:00 0 
66f54000-66f67000 rw-p 00000000 00:00 0 
66f67000-66fff000 ---p 00000000 00:00 0 
66fff000-69980000 rw-p 00000000 00:00 0 
69980000-91ac0000 ---p 00000000 00:00 0 
91ac0000-93ec0000 rw-p 00000000 00:00 0 
93ec0000-a7000000 ---p 00000000 00:00 0 
a703e000-a703f000 ---p 00000000 00:00 0 
a703f000-a70bf000 rw-p 00000000 00:00 0 
a70bf000-a70c0000 ---p 00000000 00:00 0 
a70c0000-a7150000 rw-p 00000000 00:00 0 
a7150000-a7500000 ---p 00000000 00:00 0 
a7500000-a78d8000 rwxp 00000000 00:00 0 
a78e0000-b6500000 ---p 00000000 00:00 0 
b6500000-b65fb000 rw-p 00000000 00:00 0 
b65fb000-b6600000 ---p 00000000 00:00 0 
b661f000-b6637000 rw-p 00000000 00:00 0 
b6637000-b6650000 r-xp 00000000 08:05 739476     /usr/lib/jvm/jdk1.8.0_101/jre/lib/i386/libzip.so
b6650000-b6651000 rw-p 00019000 08:05 739476     /usr/lib/jvm/jdk1.8.0_101/jre/lib/i386/libzip.so
b6651000-b665b000 r-xp 00000000 08:05 1058765    /lib/i386-linux-gnu/libnss_files-2.19.so
b665b000-b665c000 r--p 00009000 08:05 1058765    /lib/i386-linux-gnu/libnss_files-2.19.so
b665c000-b665d000 rw-p 0000a000 08:05 1058765    /lib/i386-linux-gnu/libnss_files-2.19.so
b665d000-b6667000 r-xp 00000000 08:05 1058737    /lib/i386-linux-gnu/libnss_nis-2.19.so
b6667000-b6668000 r--p 00009000 08:05 1058737    /lib/i386-linux-gnu/libnss_nis-2.19.so
b6668000-b6669000 rw-p 0000a000 08:05 1058737    /lib/i386-linux-gnu/libnss_nis-2.19.so
b6669000-b667e000 r-xp 00000000 08:05 1057246    /lib/i386-linux-gnu/libnsl-2.19.so
b667e000-b667f000 r--p 00015000 08:05 1057246    /lib/i386-linux-gnu/libnsl-2.19.so
b667f000-b6680000 rw-p 00016000 08:05 1057246    /lib/i386-linux-gnu/libnsl-2.19.so
b6680000-b6682000 rw-p 00000000 00:00 0 
b6687000-b6696000 r--s 000df000 08:05 564940     /home/hsrish/Android/Sdk/build-tools/23.0.3/lib/dx.jar
b6696000-b669e000 rw-s 00000000 08:05 826390     /tmp/hsperfdata_hsrish/11250
b669e000-b66c2000 r-xp 00000000 08:05 739471     /usr/lib/jvm/jdk1.8.0_101/jre/lib/i386/libjava.so
b66c2000-b66c3000 rw-p 00023000 08:05 739471     /usr/lib/jvm/jdk1.8.0_101/jre/lib/i386/libjava.so
b66c3000-b66ca000 r-xp 00000000 08:05 1058757    /lib/i386-linux-gnu/librt-2.19.so
b66ca000-b66cb000 r--p 00006000 08:05 1058757    /lib/i386-linux-gnu/librt-2.19.so
b66cb000-b66cc000 rw-p 00007000 08:05 1058757    /lib/i386-linux-gnu/librt-2.19.so
b66cc000-b66cf000 ---p 00000000 00:00 0 
b66cf000-b671d000 rw-p 00000000 00:00 0 
b671d000-b6761000 r-xp 00000000 08:05 1049798    /lib/i386-linux-gnu/libm-2.19.so
b6761000-b6762000 r--p 00043000 08:05 1049798    /lib/i386-linux-gnu/libm-2.19.so
b6762000-b6763000 rw-p 00044000 08:05 1049798    /lib/i386-linux-gnu/libm-2.19.so
b6763000-b70ec000 r-xp 00000000 08:05 739456     /usr/lib/jvm/jdk1.8.0_101/jre/lib/i386/server/libjvm.so
b70ec000-b7159000 rw-p 00989000 08:05 739456     /usr/lib/jvm/jdk1.8.0_101/jre/lib/i386/server/libjvm.so
b7159000-b7582000 rw-p 00000000 00:00 0 
b7582000-b772a000 r-xp 00000000 08:05 1058759    /lib/i386-linux-gnu/libc-2.19.so
b772a000-b772b000 ---p 001a8000 08:05 1058759    /lib/i386-linux-gnu/libc-2.19.so
b772b000-b772d000 r--p 001a8000 08:05 1058759    /lib/i386-linux-gnu/libc-2.19.so
b772d000-b772e000 rw-p 001aa000 08:05 1058759    /lib/i386-linux-gnu/libc-2.19.so
b772e000-b7731000 rw-p 00000000 00:00 0 
b7731000-b7734000 r-xp 00000000 08:05 1057220    /lib/i386-linux-gnu/libdl-2.19.so
b7734000-b7735000 r--p 00002000 08:05 1057220    /lib/i386-linux-gnu/libdl-2.19.so
b7735000-b7736000 rw-p 00003000 08:05 1057220    /lib/i386-linux-gnu/libdl-2.19.so
b7736000-b774a000 r-xp 00000000 08:05 674753     /usr/lib/jvm/jdk1.8.0_101/lib/i386/jli/libjli.so
b774a000-b774b000 rw-p 00014000 08:05 674753     /usr/lib/jvm/jdk1.8.0_101/lib/i386/jli/libjli.so
b774b000-b774c000 rw-p 00000000 00:00 0 
b774c000-b7764000 r-xp 00000000 08:05 1057247    /lib/i386-linux-gnu/libpthread-2.19.so
b7764000-b7765000 r--p 00018000 08:05 1057247    /lib/i386-linux-gnu/libpthread-2.19.so
b7765000-b7766000 rw-p 00019000 08:05 1057247    /lib/i386-linux-gnu/libpthread-2.19.so
b7766000-b7768000 rw-p 00000000 00:00 0 
b776c000-b776d000 r--p 00850000 08:05 2761272    /usr/lib/locale/locale-archive
b776d000-b7774000 r-xp 00000000 08:05 1057224    /lib/i386-linux-gnu/libnss_compat-2.19.so
b7774000-b7775000 r--p 00006000 08:05 1057224    /lib/i386-linux-gnu/libnss_compat-2.19.so
b7775000-b7776000 rw-p 00007000 08:05 1057224    /lib/i386-linux-gnu/libnss_compat-2.19.so
b7776000-b7777000 rw-p 00000000 00:00 0 
b7777000-b7778000 r--p 00000000 00:00 0 
b7778000-b7783000 r-xp 00000000 08:05 739422     /usr/lib/jvm/jdk1.8.0_101/jre/lib/i386/libverify.so
b7783000-b7784000 rw-p 0000b000 08:05 739422     /usr/lib/jvm/jdk1.8.0_101/jre/lib/i386/libverify.so
b7784000-b7786000 rw-p 00000000 00:00 0 
b7786000-b7788000 r--p 00000000 00:00 0          [vvar]
b7788000-b778a000 r-xp 00000000 00:00 0          [vdso]
b778a000-b77aa000 r-xp 00000000 08:05 1058701    /lib/i386-linux-gnu/ld-2.19.so
b77aa000-b77ab000 r--p 0001f000 08:05 1058701    /lib/i386-linux-gnu/ld-2.19.so
b77ab000-b77ac000 rw-p 00020000 08:05 1058701    /lib/i386-linux-gnu/ld-2.19.so
bfa3b000-bfa3c000 rwxp 00000000 00:00 0 
bfa6e000-bfa8f000 rw-p 00000000 00:00 0          [stack]

VM Arguments:
jvm_args: -Djava.awt.headless=true -Xmx1024M -Dfile.encoding=UTF-8 -Duser.country=IN -Duser.language=en -Duser.variant 
java_command: com.android.dx.command.Main --dex --force-jumbo --num-threads=4 --output /home/hsrish/AndroidStudioProjects/IOT/app/build/intermediates/pre-dexed/debug/main_901a8c729f98c75ca3ee0e08e3465bca242dcb9d.jar /home/hsrish/AndroidStudioProjects/IOT/app/build/intermediates/transforms/instantRun/debug/folders/1/5/main
java_class_path (initial): /home/hsrish/Android/Sdk/build-tools/23.0.3/lib/dx.jar
Launcher Type: SUN_STANDARD

Environment Variables:
PATH=/usr/local/heroku/bin:/usr/local/sbin:/usr/local/bin:/usr/sbin:/usr/bin:/sbin:/bin:/usr/games:/usr/local/games
LD_LIBRARY_PATH=.:
SHELL=/bin/bash
DISPLAY=:0

Signal Handlers:
SIGSEGV: [libjvm.so+0x8d4e30], sa_mask[0]=11111111011111111101111111111110, sa_flags=SA_RESTART|SA_SIGINFO
SIGBUS: [libjvm.so+0x8d4e30], sa_mask[0]=11111111011111111101111111111110, sa_flags=SA_RESTART|SA_SIGINFO
SIGFPE: [libjvm.so+0x753000], sa_mask[0]=11111111011111111101111111111110, sa_flags=SA_RESTART|SA_SIGINFO
SIGPIPE: [libjvm.so+0x753000], sa_mask[0]=11111111011111111101111111111110, sa_flags=SA_RESTART|SA_SIGINFO
SIGXFSZ: [libjvm.so+0x753000], sa_mask[0]=11111111011111111101111111111110, sa_flags=SA_RESTART|SA_SIGINFO
SIGILL: [libjvm.so+0x753000], sa_mask[0]=11111111011111111101111111111110, sa_flags=SA_RESTART|SA_SIGINFO
SIGUSR1: SIG_DFL, sa_mask[0]=00000000000000000000000000000000, sa_flags=none
SIGUSR2: [libjvm.so+0x754680], sa_mask[0]=00100000000000000000000000000000, sa_flags=SA_RESTART|SA_SIGINFO
SIGHUP: [libjvm.so+0x755b30], sa_mask[0]=11111111011111111101111111111110, sa_flags=SA_RESTART|SA_SIGINFO
SIGINT: [libjvm.so+0x755b30], sa_mask[0]=11111111011111111101111111111110, sa_flags=SA_RESTART|SA_SIGINFO
SIGTERM: [libjvm.so+0x755b30], sa_mask[0]=11111111011111111101111111111110, sa_flags=SA_RESTART|SA_SIGINFO
SIGQUIT: [libjvm.so+0x755b30], sa_mask[0]=11111111011111111101111111111110, sa_flags=SA_RESTART|SA_SIGINFO


---------------  S Y S T E M  ---------------

OS:DISTRIB_ID=Ubuntu
DISTRIB_RELEASE=14.04
DISTRIB_CODENAME=trusty
DISTRIB_DESCRIPTION="Ubuntu 14.04.5 LTS"

uname:Linux 3.19.0-66-generic #74~14.04.1-Ubuntu SMP Tue Jul 19 19:56:23 UTC 2016 i686
libc:glibc 2.19 NPTL 2.19 
rlimit: STACK 8192k, CORE 0k, NPROC 31018, NOFILE 4096, AS infinity
load average:11.87 4.44 2.19

/proc/meminfo:
MemTotal:        3998880 kB
MemFree:          191388 kB
MemAvailable:     125912 kB
Buffers:             920 kB
Cached:           393892 kB
SwapCached:            0 kB
Active:          3318636 kB
Inactive:         374076 kB
Active(anon):    3303924 kB
Inactive(anon):   361228 kB
Active(file):      14712 kB
Inactive(file):    12848 kB
Unevictable:         212 kB
Mlocked:             212 kB
HighTotal:       3139972 kB
HighFree:          25824 kB
LowTotal:         858908 kB
LowFree:          165564 kB
SwapTotal:             0 kB
SwapFree:              0 kB
Dirty:               284 kB
Writeback:             4 kB
AnonPages:       3298328 kB
Mapped:            86656 kB
Shmem:            367036 kB
Slab:              57148 kB
SReclaimable:      27316 kB
SUnreclaim:        29832 kB
KernelStack:        7152 kB
PageTables:        30060 kB
NFS_Unstable:          0 kB
Bounce:              292 kB
WritebackTmp:          0 kB
CommitLimit:     1999440 kB
Committed_AS:    9649292 kB
VmallocTotal:     122880 kB
VmallocUsed:       19136 kB
VmallocChunk:     101896 kB
AnonHugePages:   1488896 kB
CmaTotal:              0 kB
CmaFree:               0 kB
HugePages_Total:       0
HugePages_Free:        0
HugePages_Rsvd:        0
HugePages_Surp:        0
Hugepagesize:       2048 kB
DirectMap4k:       61432 kB
DirectMap2M:      851968 kB


CPU:total 4 (2 cores per cpu, 2 threads per core) family 6 model 37 stepping 2, cmov, cx8, fxsr, mmx, sse, sse2, sse3, ssse3, sse4.1, sse4.2, popcnt, aes, clmul, ht, tsc, tscinvbit

/proc/cpuinfo:
processor	: 0
vendor_id	: GenuineIntel
cpu family	: 6
model		: 37
model name	: Intel(R) Core(TM) i5 CPU       M 520  @ 2.40GHz
stepping	: 2
microcode	: 0x9
cpu MHz		: 2400.000
cache size	: 3072 KB
physical id	: 0
siblings	: 4
core id		: 0
cpu cores	: 2
apicid		: 0
initial apicid	: 0
fdiv_bug	: no
f00f_bug	: no
coma_bug	: no
fpu		: yes
fpu_exception	: yes
cpuid level	: 11
wp		: yes
flags		: fpu vme de pse tsc msr pae mce cx8 apic sep mtrr pge mca cmov pat pse36 clflush dts acpi mmx fxsr sse sse2 ss ht tm pbe nx rdtscp lm constant_tsc arch_perfmon pebs bts xtopology nonstop_tsc aperfmperf pni pclmulqdq dtes64 monitor ds_cpl vmx smx est tm2 ssse3 cx16 xtpr pdcm sse4_1 sse4_2 popcnt aes lahf_lm ida arat dtherm tpr_shadow vnmi flexpriority ept vpid
bugs		:
bogomips	: 4788.40
clflush size	: 64
cache_alignment	: 64
address sizes	: 36 bits physical, 48 bits virtual
power management:

processor	: 1
vendor_id	: GenuineIntel
cpu family	: 6
model		: 37
model name	: Intel(R) Core(TM) i5 CPU       M 520  @ 2.40GHz
stepping	: 2
microcode	: 0x9
cpu MHz		: 1199.000
cache size	: 3072 KB
physical id	: 0
siblings	: 4
core id		: 2
cpu cores	: 2
apicid		: 4
initial apicid	: 4
fdiv_bug	: no
f00f_bug	: no
coma_bug	: no
fpu		: yes
fpu_exception	: yes
cpuid level	: 11
wp		: yes
flags		: fpu vme de pse tsc msr pae mce cx8 apic sep mtrr pge mca cmov pat pse36 clflush dts acpi mmx fxsr sse sse2 ss ht tm pbe nx rdtscp lm constant_tsc arch_perfmon pebs bts xtopology nonstop_tsc aperfmperf pni pclmulqdq dtes64 monitor ds_cpl vmx smx est tm2 ssse3 cx16 xtpr pdcm sse4_1 sse4_2 popcnt aes lahf_lm ida arat dtherm tpr_shadow vnmi flexpriority ept vpid
bugs		:
bogomips	: 4788.40
clflush size	: 64
cache_alignment	: 64
address sizes	: 36 bits physical, 48 bits virtual
power management:

processor	: 2
vendor_id	: GenuineIntel
cpu family	: 6
model		: 37
model name	: Intel(R) Core(TM) i5 CPU       M 520  @ 2.40GHz
stepping	: 2
microcode	: 0x9
cpu MHz		: 2400.000
cache size	: 3072 KB
physical id	: 0
siblings	: 4
core id		: 0
cpu cores	: 2
apicid		: 1
initial apicid	: 1
fdiv_bug	: no
f00f_bug	: no
coma_bug	: no
fpu		: yes
fpu_exception	: yes
cpuid level	: 11
wp		: yes
flags		: fpu vme de pse tsc msr pae mce cx8 apic sep mtrr pge mca cmov pat pse36 clflush dts acpi mmx fxsr sse sse2 ss ht tm pbe nx rdtscp lm constant_tsc arch_perfmon pebs bts xtopology nonstop_tsc aperfmperf pni pclmulqdq dtes64 monitor ds_cpl vmx smx est tm2 ssse3 cx16 xtpr pdcm sse4_1 sse4_2 popcnt aes lahf_lm ida arat dtherm tpr_shadow vnmi flexpriority ept vpid
bugs		:
bogomips	: 4788.40
clflush size	: 64
cache_alignment	: 64
address sizes	: 36 bits physical, 48 bits virtual
power management:

processor	: 3
vendor_id	: GenuineIntel
cpu family	: 6
model		: 37
model name	: Intel(R) Core(TM) i5 CPU       M 520  @ 2.40GHz
stepping	: 2
microcode	: 0x9
cpu MHz		: 2400.000
cache size	: 3072 KB
physical id	: 0
siblings	: 4
core id		: 2
cpu cores	: 2
apicid		: 5
initial apicid	: 5
fdiv_bug	: no
f00f_bug	: no
coma_bug	: no
fpu		: yes
fpu_exception	: yes
cpuid level	: 11
wp		: yes
flags		: fpu vme de pse tsc msr pae mce cx8 apic sep mtrr pge mca cmov pat pse36 clflush dts acpi mmx fxsr sse sse2 ss ht tm pbe nx rdtscp lm constant_tsc arch_perfmon pebs bts xtopology nonstop_tsc aperfmperf pni pclmulqdq dtes64 monitor ds_cpl vmx smx est tm2 ssse3 cx16 xtpr pdcm sse4_1 sse4_2 popcnt aes lahf_lm ida arat dtherm tpr_shadow vnmi flexpriority ept vpid
bugs		:
bogomips	: 4788.40
clflush size	: 64
cache_alignment	: 64
address sizes	: 36 bits physical, 48 bits virtual
power management:



Memory: 4k page, physical 3998880k(191388k free), swap 0k(0k free)

vm_info: Java HotSpot(TM) Server VM (25.101-b13) for linux-x86 JRE (1.8.0_101-b13), built on Jun 22 2016 02:31:35 by "java_re" with gcc 4.3.0 20080428 (Red Hat 4.3.0-8)

time: Tue Oct 25 04:03:34 2016
elapsed time: 33 seconds (0d 0h 0m 33s)

